2025-09-16 14:21:06 - audit_service - INFO - Starting Audit & Monitoring service on port 8022
2025-09-16 14:21:07 - audit_service - ERROR - Error in periodic metric collection: 'ServiceConfig' object has no attribute 'auth_port'
2025-09-16 14:30:05 - audit_service - INFO - Starting Audit & Monitoring service on port 8022
2025-09-16 14:37:05 - audit_service - INFO - Starting Audit & Monitoring service on port 8022
2025-09-16 14:37:06 - audit_service - ERROR - Error in periodic metric collection: 'ServiceConfig' object has no attribute 'auth_port'
2025-09-16 18:47:33 - audit_service - INFO - Starting Audit & Monitoring service on port 8022
2025-09-16 18:47:34 - audit_service - ERROR - Error in periodic metric collection: 'ServiceConfig' object has no attribute 'auth_port'
2025-09-16 18:54:13 - audit_service - INFO - Starting Audit & Monitoring service on port 8022
2025-09-16 18:54:14 - audit_service - INFO - Audit & Monitoring service started
2025-09-16 18:54:28 - audit_service - ERROR - Error storing metrics: Multiple classes found for path "AuditLog" in the registry of this declarative base. Please use a fully module-qualified path.
2025-09-16 18:55:41 - audit_service - ERROR - Error storing metrics: One or more mappers failed to initialize - can't proceed with initialization of other mappers. Triggering mapper: 'Mapper[User(users)]'. Original exception was: Multiple classes found for path "AuditLog" in the registry of this declarative base. Please use a fully module-qualified path.
2025-09-16 18:56:35 - audit_service - INFO - Audit & Monitoring service shutdown
2025-09-16 18:57:06 - audit_service - INFO - Starting Audit & Monitoring service on port 8022
2025-09-16 18:57:06 - audit_service - INFO - Audit & Monitoring service started
2025-09-16 19:05:31 - audit_service - INFO - Starting Audit & Monitoring service on port 8022
2025-09-16 19:05:32 - audit_service - INFO - Audit & Monitoring service started
2025-09-16 19:28:37 - audit_service - INFO - Starting Audit & Monitoring service on port 8022
2025-09-16 19:28:37 - audit_service - INFO - Audit & Monitoring service started
2025-09-16 19:43:49 - audit_service - INFO - Starting Audit & Monitoring service on port 8022
2025-09-16 19:43:49 - audit_service - INFO - Audit & Monitoring service started
2025-09-16 19:44:06 - audit_service - INFO - Audit & Monitoring service shutdown
2025-09-16 19:44:58 - audit_service - INFO - Starting Audit & Monitoring service on port 8022
2025-09-16 19:44:59 - audit_service - INFO - Audit & Monitoring service started
2025-09-16 19:55:09 - audit_service - INFO - Starting Audit & Monitoring service on port 8022
2025-09-16 19:55:09 - audit_service - INFO - Audit & Monitoring service started
2025-09-16 20:00:51 - audit_service - INFO - Audit & Monitoring service shutdown
2025-09-16 20:01:48 - audit_service - INFO - Starting Audit & Monitoring service on port 8022
2025-09-16 20:01:48 - audit_service - INFO - Audit & Monitoring service started
2025-09-16 20:08:40 - audit_service - INFO - Starting Audit & Monitoring service on port 8022
2025-09-16 20:08:41 - audit_service - INFO - Audit & Monitoring service started
2025-09-16 20:26:47 - audit_service - INFO - Audit & Monitoring service shutdown
2025-09-16 20:29:59 - audit_service - INFO - Starting Audit & Monitoring service on port 8022
2025-09-16 20:29:59 - audit_service - INFO - Audit & Monitoring service started
2025-09-16 21:31:24 - audit_service - INFO - Audit & Monitoring service shutdown
2025-09-16 21:31:36 - audit_service - INFO - Starting Audit & Monitoring service on port 8022
2025-09-16 21:31:36 - audit_service - INFO - Audit & Monitoring service started
2025-09-16 22:57:26 - audit_service - INFO - Starting Audit & Monitoring service on port 8022
2025-09-16 22:57:26 - audit_service - INFO - Audit & Monitoring service started
2025-09-16 22:59:38 - audit_service - INFO - Starting Audit & Monitoring service on port 8022
2025-09-16 22:59:38 - audit_service - INFO - Audit & Monitoring service started
2025-09-16 23:41:30 - audit_service - INFO - Starting Audit & Monitoring service on port 8022
2025-09-16 23:41:30 - audit_service - INFO - Audit & Monitoring service started
2025-09-16 23:44:14 - audit_service - INFO - Starting Audit & Monitoring service on port 8022
2025-09-16 23:44:14 - audit_service - INFO - Audit & Monitoring service started
2025-09-17 00:17:09 - audit_service - INFO - Starting Audit & Monitoring service on port 8022
2025-09-17 00:17:09 - audit_service - INFO - Audit & Monitoring service started
2025-09-17 09:44:49 - audit_service - INFO - Starting Audit & Monitoring service on port 8022
2025-09-17 09:44:49 - audit_service - INFO - Audit & Monitoring service started
2025-09-17 10:04:04 - audit_service - ERROR - Error getting dashboard stats: 'MetaData' object has no attribute 'get'
2025-09-17 10:11:42 - audit_service - ERROR - Error getting dashboard stats: 'MetaData' object has no attribute 'get'
2025-09-17 10:19:17 - audit_service - ERROR - Error getting dashboard stats: 'MetaData' object has no attribute 'get'
2025-09-17 11:02:09 - audit_service - ERROR - Error getting dashboard stats: 'MetaData' object has no attribute 'get'
2025-09-17 11:25:06 - audit_service - ERROR - Error getting dashboard stats: 'MetaData' object has no attribute 'get'
2025-09-17 11:25:34 - audit_service - ERROR - Error getting dashboard stats: 'MetaData' object has no attribute 'get'
2025-09-17 11:33:28 - audit_service - ERROR - Error getting dashboard stats: 'MetaData' object has no attribute 'get'
2025-09-24 13:38:32 - audit_service - INFO - Starting Audit & Monitoring service on port 8022
2025-09-24 13:38:32 - audit_service - INFO - Audit & Monitoring service started
2025-09-24 13:41:22 - audit_service - ERROR - Error storing metrics: (psycopg2.OperationalError) connection to server at "localhost" (::1), port 5432 failed: FATAL:  the database system is in recovery mode

(Background on this error at: https://sqlalche.me/e/20/e3q8)
2025-09-24 13:47:20 - audit_service - INFO - Starting Audit & Monitoring service on port 8022
2025-09-24 13:47:20 - audit_service - INFO - Audit & Monitoring service started
2025-09-24 13:59:12 - audit_service - ERROR - Error storing metrics: (psycopg2.OperationalError) connection to server at "localhost" (::1), port 5432 failed: Connection refused (0x0000274D/10061)
	Is the server running on that host and accepting TCP/IP connections?
connection to server at "localhost" (127.0.0.1), port 5432 failed: Connection refused (0x0000274D/10061)
	Is the server running on that host and accepting TCP/IP connections?

(Background on this error at: https://sqlalche.me/e/20/e3q8)
2025-09-24 14:00:37 - audit_service - ERROR - Error storing metrics: (psycopg2.OperationalError) connection to server at "localhost" (::1), port 5432 failed: Connection refused (0x0000274D/10061)
	Is the server running on that host and accepting TCP/IP connections?
connection to server at "localhost" (127.0.0.1), port 5432 failed: Connection refused (0x0000274D/10061)
	Is the server running on that host and accepting TCP/IP connections?

(Background on this error at: https://sqlalche.me/e/20/e3q8)
2025-09-24 14:02:00 - audit_service - ERROR - Error storing metrics: (psycopg2.OperationalError) connection to server at "localhost" (::1), port 5432 failed: Connection refused (0x0000274D/10061)
	Is the server running on that host and accepting TCP/IP connections?
connection to server at "localhost" (127.0.0.1), port 5432 failed: Connection refused (0x0000274D/10061)
	Is the server running on that host and accepting TCP/IP connections?

(Background on this error at: https://sqlalche.me/e/20/e3q8)
2025-09-24 14:03:24 - audit_service - ERROR - Error storing metrics: (psycopg2.OperationalError) connection to server at "localhost" (::1), port 5432 failed: Connection refused (0x0000274D/10061)
	Is the server running on that host and accepting TCP/IP connections?
connection to server at "localhost" (127.0.0.1), port 5432 failed: Connection refused (0x0000274D/10061)
	Is the server running on that host and accepting TCP/IP connections?

(Background on this error at: https://sqlalche.me/e/20/e3q8)
2025-09-24 14:04:48 - audit_service - ERROR - Error storing metrics: (psycopg2.OperationalError) connection to server at "localhost" (::1), port 5432 failed: Connection refused (0x0000274D/10061)
	Is the server running on that host and accepting TCP/IP connections?
connection to server at "localhost" (127.0.0.1), port 5432 failed: Connection refused (0x0000274D/10061)
	Is the server running on that host and accepting TCP/IP connections?

(Background on this error at: https://sqlalche.me/e/20/e3q8)
2025-09-24 14:04:48 - audit_service - INFO - Audit & Monitoring service shutdown
2025-09-24 15:13:28 - audit_service - INFO - Starting Audit & Monitoring service on port 8022
2025-09-24 15:13:28 - audit_service - INFO - Audit & Monitoring service started
2025-09-24 17:15:12 - audit_service - INFO - Starting Audit & Monitoring service on port 8022
2025-09-24 17:15:12 - audit_service - INFO - Audit & Monitoring service started
2025-09-24 17:35:52 - audit_service - INFO - Starting Audit & Monitoring service on port 8022
2025-09-24 17:35:52 - audit_service - INFO - Audit & Monitoring service started
2025-09-24 17:44:10 - audit_service - INFO - Audit & Monitoring service shutdown
2025-09-24 17:46:02 - audit_service - INFO - Starting Audit & Monitoring service on port 8022
2025-09-24 17:46:02 - audit_service - INFO - Audit & Monitoring service started
2025-09-25 16:49:49 - audit_service - INFO - Starting Audit & Monitoring service on port 8022
2025-09-25 16:49:49 - audit_service - INFO - Audit & Monitoring service started
2025-09-25 23:41:08 - audit_service - INFO - Starting Audit & Monitoring service on port 8022
2025-09-25 23:41:08 - audit_service - INFO - Audit & Monitoring service started
2025-09-26 16:36:37 - audit_service - INFO - Starting Audit & Monitoring service on port 8022
2025-09-26 16:36:37 - audit_service - INFO - Audit & Monitoring service started
2025-09-26 17:24:13 - audit_service - INFO - Audit & Monitoring service shutdown
2025-09-26 17:25:53 - audit_service - INFO - Starting Audit & Monitoring service on port 8022
2025-09-26 17:25:53 - audit_service - INFO - Audit & Monitoring service started
2025-09-26 18:16:53 - audit_service - INFO - Audit & Monitoring service shutdown
2025-09-26 18:23:45 - audit_service - INFO - Starting Audit & Monitoring service on port 8022
2025-09-26 18:23:45 - audit_service - INFO - Audit & Monitoring service started
2025-09-26 19:13:14 - audit_service - INFO - Audit & Monitoring service shutdown
2025-09-26 22:57:49 - audit_service - INFO - Starting Audit & Monitoring service on port 8022
2025-09-26 22:57:49 - audit_service - INFO - Audit & Monitoring service started
2025-09-26 23:19:40 - audit_service - INFO - Audit & Monitoring service shutdown
2025-09-26 23:37:11 - audit_service - INFO - Starting Audit & Monitoring service on port 8022
2025-09-26 23:37:11 - audit_service - INFO - Audit & Monitoring service started
2025-09-26 23:53:03 - audit_service - INFO - Starting Audit & Monitoring service on port 8022
2025-09-26 23:53:03 - audit_service - INFO - Audit & Monitoring service started
2025-09-27 00:03:17 - audit_service - INFO - Starting Audit & Monitoring service on port 8022
2025-09-27 00:03:17 - audit_service - INFO - Audit & Monitoring service started
2025-09-27 00:09:11 - audit_service - INFO - Audit & Monitoring service shutdown
2025-09-27 00:10:27 - audit_service - INFO - Starting Audit & Monitoring service on port 8022
2025-09-27 00:10:27 - audit_service - INFO - Audit & Monitoring service started
2025-09-27 00:24:04 - audit_service - INFO - Audit & Monitoring service shutdown
2025-09-27 00:25:55 - audit_service - INFO - Starting Audit & Monitoring service on port 8022
2025-09-27 00:25:56 - audit_service - INFO - Audit & Monitoring service started
2025-09-27 08:38:19 - audit_service - INFO - Starting Audit & Monitoring service on port 8022
2025-09-27 08:38:19 - audit_service - INFO - Audit & Monitoring service started
2025-09-27 09:01:36 - audit_service - INFO - Starting Audit & Monitoring service on port 8022
2025-09-27 09:01:37 - audit_service - INFO - Audit & Monitoring service started
2025-09-27 09:16:10 - audit_service - INFO - Starting Audit & Monitoring service on port 8022
2025-09-27 09:16:10 - audit_service - INFO - Audit & Monitoring service started
2025-09-27 09:26:00 - audit_service - INFO - Audit & Monitoring service shutdown
2025-09-27 09:27:43 - audit_service - INFO - Starting Audit & Monitoring service on port 8022
2025-09-27 09:27:43 - audit_service - INFO - Audit & Monitoring service started
2025-09-27 09:40:54 - audit_service - INFO - Audit & Monitoring service shutdown
2025-09-27 09:42:07 - audit_service - INFO - Starting Audit & Monitoring service on port 8022
2025-09-27 09:42:07 - audit_service - INFO - Audit & Monitoring service started
