2025-09-13 22:55:54 - utils.email_service - INFO - Created email template: base.html
2025-09-13 22:55:54 - utils.email_service - INFO - Created email template: approval.html
2025-09-13 22:55:54 - utils.email_service - INFO - Created email template: admin_notification.html
2025-09-13 22:55:54 - utils.email_service - INFO - Created email template: document_alert.html
2025-09-13 22:55:54 - utils.email_service - INFO - Email service initialized - Enabled: False
2025-09-13 22:55:54 - utils.email_service - INFO - Email service initialized - Enabled: False
2025-09-13 22:55:56 - utils.email_service - INFO - Email service initialized - Enabled: False
2025-09-13 22:55:56 - utils.email_service - INFO - Email service initialized - Enabled: False
2025-09-13 23:03:11 - utils.email_service - INFO - Email service initialized - Enabled: False
2025-09-13 23:03:11 - utils.email_service - INFO - Email service initialized - Enabled: False
2025-09-13 23:03:13 - utils.email_service - INFO - Email service initialized - Enabled: False
2025-09-13 23:03:13 - utils.email_service - INFO - Email service initialized - Enabled: False
2025-09-13 23:53:17 - utils.email_service - INFO - Email service initialized - Enabled: False
2025-09-13 23:53:17 - utils.email_service - INFO - Email service initialized - Enabled: False
2025-09-13 23:53:18 - utils.email_service - INFO - Email service initialized - Enabled: False
2025-09-13 23:53:18 - utils.email_service - INFO - Email service initialized - Enabled: False
2025-09-13 23:58:30 - utils.email_service - INFO - Email service initialized - Enabled: False
2025-09-13 23:58:30 - utils.email_service - INFO - Email service initialized - Enabled: False
2025-09-13 23:58:31 - utils.email_service - INFO - Email service initialized - Enabled: False
2025-09-13 23:58:31 - utils.email_service - INFO - Email service initialized - Enabled: False
2025-09-13 23:58:42 - utils.email_service - INFO - Email service initialized - Enabled: False
2025-09-13 23:58:42 - utils.email_service - INFO - Email service initialized - Enabled: False
2025-09-13 23:58:44 - utils.email_service - INFO - Email service initialized - Enabled: False
2025-09-13 23:58:44 - utils.email_service - INFO - Email service initialized - Enabled: False
2025-09-13 23:59:16 - utils.email_service - INFO - Email service initialized - Enabled: False
2025-09-13 23:59:16 - utils.email_service - INFO - Email service initialized - Enabled: False
2025-09-13 23:59:17 - utils.email_service - INFO - Email service initialized - Enabled: False
2025-09-13 23:59:17 - utils.email_service - INFO - Email service initialized - Enabled: False
2025-09-14 00:43:55 - utils.email_service - INFO - Email service initialized - Enabled: False
2025-09-14 00:43:55 - utils.email_service - INFO - Email service initialized - Enabled: False
2025-09-14 00:43:57 - utils.email_service - INFO - Email service initialized - Enabled: False
2025-09-14 00:43:57 - utils.email_service - INFO - Email service initialized - Enabled: False
2025-09-14 00:58:34 - utils.email_service - INFO - Email service initialized - Enabled: False
2025-09-14 00:58:34 - utils.email_service - INFO - Email service initialized - Enabled: False
2025-09-14 00:58:36 - utils.email_service - INFO - Email service initialized - Enabled: False
2025-09-14 00:58:36 - utils.email_service - INFO - Email service initialized - Enabled: False
2025-09-14 01:37:41 - utils.email_service - INFO - Email service initialized - Enabled: False
2025-09-14 01:37:41 - utils.email_service - INFO - Email service initialized - Enabled: False
2025-09-14 01:37:42 - utils.email_service - INFO - Email service initialized - Enabled: False
2025-09-14 01:37:42 - utils.email_service - INFO - Email service initialized - Enabled: False
2025-09-14 01:55:12 - utils.email_service - INFO - Email service initialized - Enabled: False
2025-09-14 01:55:12 - utils.email_service - INFO - Email service initialized - Enabled: False
2025-09-14 01:55:14 - utils.email_service - INFO - Email service initialized - Enabled: False
2025-09-14 01:55:14 - utils.email_service - INFO - Email service initialized - Enabled: False
2025-09-14 01:57:49 - utils.email_service - INFO - Email service initialized - Enabled: False
2025-09-14 01:57:49 - utils.email_service - INFO - Email service initialized - Enabled: False
2025-09-14 01:57:51 - utils.email_service - INFO - Email service initialized - Enabled: False
2025-09-14 01:57:51 - utils.email_service - INFO - Email service initialized - Enabled: False
2025-09-14 02:03:48 - utils.email_service - INFO - Email service initialized - Enabled: False
2025-09-14 02:03:48 - utils.email_service - INFO - Email service initialized - Enabled: False
2025-09-14 02:03:50 - utils.email_service - INFO - Email service initialized - Enabled: False
2025-09-14 02:03:50 - utils.email_service - INFO - Email service initialized - Enabled: False
2025-09-14 02:04:53 - utils.email_service - INFO - Email service initialized - Enabled: False
2025-09-14 02:04:53 - utils.email_service - INFO - Email service initialized - Enabled: False
2025-09-14 02:04:55 - utils.email_service - INFO - Email service initialized - Enabled: False
2025-09-14 02:04:55 - utils.email_service - INFO - Email service initialized - Enabled: False
2025-09-14 02:05:07 - utils.email_service - INFO - Email service initialized - Enabled: False
2025-09-14 02:05:07 - utils.email_service - INFO - Email service initialized - Enabled: False
2025-09-14 04:10:19 - utils.email_service - INFO - Email service initialized - Enabled: False
2025-09-14 04:10:19 - utils.email_service - INFO - Email service initialized - Enabled: False
2025-09-14 04:11:25 - utils.email_service - INFO - Email service initialized - Enabled: False
2025-09-14 04:11:25 - utils.email_service - INFO - Email service initialized - Enabled: False
2025-09-14 04:12:58 - utils.email_service - INFO - Email service initialized - Enabled: False
2025-09-14 04:12:58 - utils.email_service - INFO - Email service initialized - Enabled: False
2025-09-14 04:13:00 - utils.email_service - INFO - Email service initialized - Enabled: False
2025-09-14 04:13:00 - utils.email_service - INFO - Email service initialized - Enabled: False
2025-09-14 04:13:12 - utils.email_service - INFO - Email service initialized - Enabled: False
2025-09-14 04:13:13 - utils.email_service - INFO - Email service initialized - Enabled: False
2025-09-14 04:14:12 - utils.email_service - INFO - Email service initialized - Enabled: False
2025-09-14 04:14:12 - utils.email_service - INFO - Email service initialized - Enabled: False
2025-09-14 04:14:14 - utils.email_service - INFO - Email service initialized - Enabled: False
2025-09-14 04:14:14 - utils.email_service - INFO - Email service initialized - Enabled: False
2025-09-14 04:14:26 - utils.email_service - INFO - Email service initialized - Enabled: False
2025-09-14 04:14:26 - utils.email_service - INFO - Email service initialized - Enabled: False
2025-09-14 04:15:24 - utils.email_service - INFO - Email service initialized - Enabled: False
2025-09-14 04:15:24 - utils.email_service - INFO - Email service initialized - Enabled: False
2025-09-14 04:15:26 - utils.email_service - INFO - Email service initialized - Enabled: False
2025-09-14 04:15:26 - utils.email_service - INFO - Email service initialized - Enabled: False
2025-09-14 04:15:39 - utils.email_service - INFO - Email service initialized - Enabled: False
2025-09-14 04:15:39 - utils.email_service - INFO - Email service initialized - Enabled: False
2025-09-14 04:26:40 - utils.email_service - INFO - Email service initialized - Enabled: False
2025-09-14 04:26:40 - utils.email_service - INFO - Email service initialized - Enabled: False
2025-09-14 04:26:42 - utils.email_service - INFO - Email service initialized - Enabled: False
2025-09-14 04:26:42 - utils.email_service - INFO - Email service initialized - Enabled: False
2025-09-14 04:26:54 - utils.email_service - INFO - Email service initialized - Enabled: False
2025-09-14 04:26:54 - utils.email_service - INFO - Email service initialized - Enabled: False
2025-09-14 04:39:18 - utils.email_service - INFO - Email service initialized - Enabled: False
2025-09-14 04:39:18 - utils.email_service - INFO - Email service initialized - Enabled: False
2025-09-14 04:39:20 - utils.email_service - INFO - Email service initialized - Enabled: False
2025-09-14 04:39:20 - utils.email_service - INFO - Email service initialized - Enabled: False
2025-09-14 04:39:32 - utils.email_service - INFO - Email service initialized - Enabled: False
2025-09-14 04:39:32 - utils.email_service - INFO - Email service initialized - Enabled: False
2025-09-14 04:42:34 - utils.email_service - INFO - Email service initialized - Enabled: False
2025-09-14 04:42:34 - utils.email_service - INFO - Email service initialized - Enabled: False
2025-09-14 04:42:35 - utils.email_service - INFO - Email service initialized - Enabled: False
2025-09-14 04:42:35 - utils.email_service - INFO - Email service initialized - Enabled: False
2025-09-14 04:46:13 - utils.email_service - INFO - Email service initialized - Enabled: False
2025-09-14 04:46:13 - utils.email_service - INFO - Email service initialized - Enabled: False
2025-09-14 04:46:15 - utils.email_service - INFO - Email service initialized - Enabled: False
2025-09-14 04:46:15 - utils.email_service - INFO - Email service initialized - Enabled: False
2025-09-14 04:46:27 - utils.email_service - INFO - Email service initialized - Enabled: False
2025-09-14 04:46:27 - utils.email_service - INFO - Email service initialized - Enabled: False
2025-09-14 04:49:52 - utils.email_service - INFO - Email service initialized - Enabled: False
2025-09-14 04:49:52 - utils.email_service - INFO - Email service initialized - Enabled: False
2025-09-14 04:49:54 - utils.email_service - INFO - Email service initialized - Enabled: False
2025-09-14 04:49:54 - utils.email_service - INFO - Email service initialized - Enabled: False
2025-09-14 04:50:06 - utils.email_service - INFO - Email service initialized - Enabled: False
2025-09-14 04:50:06 - utils.email_service - INFO - Email service initialized - Enabled: False
2025-09-14 04:50:33 - utils.email_service - INFO - Email service initialized - Enabled: False
2025-09-14 04:50:33 - utils.email_service - INFO - Email service initialized - Enabled: False
2025-09-14 04:50:34 - utils.email_service - INFO - Email service initialized - Enabled: False
2025-09-14 04:50:34 - utils.email_service - INFO - Email service initialized - Enabled: False
2025-09-14 04:50:47 - utils.email_service - INFO - Email service initialized - Enabled: False
2025-09-14 04:50:47 - utils.email_service - INFO - Email service initialized - Enabled: False
2025-09-14 04:51:37 - utils.email_service - INFO - Email service initialized - Enabled: False
2025-09-14 04:51:37 - utils.email_service - INFO - Email service initialized - Enabled: False
2025-09-14 04:51:39 - utils.email_service - INFO - Email service initialized - Enabled: False
2025-09-14 04:51:39 - utils.email_service - INFO - Email service initialized - Enabled: False
2025-09-14 04:51:52 - utils.email_service - INFO - Email service initialized - Enabled: False
2025-09-14 04:51:52 - utils.email_service - INFO - Email service initialized - Enabled: False
2025-09-14 04:52:34 - utils.email_service - INFO - Email service initialized - Enabled: False
2025-09-14 04:52:34 - utils.email_service - INFO - Email service initialized - Enabled: False
2025-09-14 04:52:45 - utils.email_service - INFO - Email service initialized - Enabled: False
2025-09-14 04:52:45 - utils.email_service - INFO - Email service initialized - Enabled: False
2025-09-14 04:54:27 - utils.email_service - INFO - Email service initialized - Enabled: False
2025-09-14 04:54:27 - utils.email_service - INFO - Email service initialized - Enabled: False
2025-09-14 04:54:29 - utils.email_service - INFO - Email service initialized - Enabled: False
2025-09-14 04:54:29 - utils.email_service - INFO - Email service initialized - Enabled: False
2025-09-14 04:54:41 - utils.email_service - INFO - Email service initialized - Enabled: False
2025-09-14 04:54:41 - utils.email_service - INFO - Email service initialized - Enabled: False
2025-09-14 04:58:08 - utils.email_service - INFO - Email service initialized - Enabled: False
2025-09-14 04:58:08 - utils.email_service - INFO - Email service initialized - Enabled: False
2025-09-14 04:58:11 - utils.email_service - INFO - Email service initialized - Enabled: False
2025-09-14 04:58:11 - utils.email_service - INFO - Email service initialized - Enabled: False
2025-09-14 04:58:23 - utils.email_service - INFO - Email service initialized - Enabled: False
2025-09-14 04:58:23 - utils.email_service - INFO - Email service initialized - Enabled: False
2025-09-14 04:59:28 - utils.email_service - INFO - Email service initialized - Enabled: False
2025-09-14 04:59:28 - utils.email_service - INFO - Email service initialized - Enabled: False
2025-09-14 04:59:30 - utils.email_service - INFO - Email service initialized - Enabled: False
2025-09-14 04:59:30 - utils.email_service - INFO - Email service initialized - Enabled: False
2025-09-14 04:59:43 - utils.email_service - INFO - Email service initialized - Enabled: False
2025-09-14 04:59:43 - utils.email_service - INFO - Email service initialized - Enabled: False
2025-09-14 05:08:55 - utils.email_service - INFO - Email service initialized - Enabled: False
2025-09-14 05:08:55 - utils.email_service - INFO - Email service initialized - Enabled: False
2025-09-14 05:08:56 - utils.email_service - INFO - Email service initialized - Enabled: False
2025-09-14 05:08:56 - utils.email_service - INFO - Email service initialized - Enabled: False
2025-09-14 05:09:08 - utils.email_service - INFO - Email service initialized - Enabled: False
2025-09-14 05:09:08 - utils.email_service - INFO - Email service initialized - Enabled: False
2025-09-14 05:10:10 - utils.email_service - INFO - Email service initialized - Enabled: False
2025-09-14 05:10:10 - utils.email_service - INFO - Email service initialized - Enabled: False
2025-09-14 05:10:12 - utils.email_service - INFO - Email service initialized - Enabled: False
2025-09-14 05:10:12 - utils.email_service - INFO - Email service initialized - Enabled: False
2025-09-14 05:10:24 - utils.email_service - INFO - Email service initialized - Enabled: False
2025-09-14 05:10:24 - utils.email_service - INFO - Email service initialized - Enabled: False
2025-09-14 05:45:36 - utils.email_service - INFO - Email service initialized - Enabled: False
2025-09-14 05:45:36 - utils.email_service - INFO - Email service initialized - Enabled: False
2025-09-14 05:45:38 - utils.email_service - INFO - Email service initialized - Enabled: False
2025-09-14 05:45:38 - utils.email_service - INFO - Email service initialized - Enabled: False
2025-09-14 05:45:49 - utils.email_service - INFO - Email service initialized - Enabled: False
2025-09-14 05:45:49 - utils.email_service - INFO - Email service initialized - Enabled: False
2025-09-14 05:50:44 - utils.email_service - INFO - Email service initialized - Enabled: False
2025-09-14 05:50:44 - utils.email_service - INFO - Email service initialized - Enabled: False
2025-09-14 05:50:46 - utils.email_service - INFO - Email service initialized - Enabled: False
2025-09-14 05:50:46 - utils.email_service - INFO - Email service initialized - Enabled: False
2025-09-14 05:50:58 - utils.email_service - INFO - Email service initialized - Enabled: False
2025-09-14 05:50:59 - utils.email_service - INFO - Email service initialized - Enabled: False
2025-09-14 05:52:45 - utils.email_service - INFO - Email service initialized - Enabled: False
2025-09-14 05:52:45 - utils.email_service - INFO - Email service initialized - Enabled: False
2025-09-14 05:52:47 - utils.email_service - INFO - Email service initialized - Enabled: False
2025-09-14 05:52:47 - utils.email_service - INFO - Email service initialized - Enabled: False
2025-09-14 05:52:59 - utils.email_service - INFO - Email service initialized - Enabled: False
2025-09-14 05:52:59 - utils.email_service - INFO - Email service initialized - Enabled: False
2025-09-14 05:55:38 - utils.email_service - INFO - Email service initialized - Enabled: False
2025-09-14 05:55:38 - utils.email_service - INFO - Email service initialized - Enabled: False
2025-09-14 05:55:39 - utils.email_service - INFO - Email service initialized - Enabled: False
2025-09-14 05:55:39 - utils.email_service - INFO - Email service initialized - Enabled: False
2025-09-14 05:55:52 - utils.email_service - INFO - Email service initialized - Enabled: False
2025-09-14 05:55:52 - utils.email_service - INFO - Email service initialized - Enabled: False
2025-09-14 05:58:20 - utils.email_service - INFO - Email service initialized - Enabled: False
2025-09-14 05:58:20 - utils.email_service - INFO - Email service initialized - Enabled: False
2025-09-14 05:58:21 - utils.email_service - INFO - Email service initialized - Enabled: False
2025-09-14 05:58:21 - utils.email_service - INFO - Email service initialized - Enabled: False
2025-09-14 05:58:32 - utils.email_service - INFO - Email service initialized - Enabled: False
2025-09-14 05:58:32 - utils.email_service - INFO - Email service initialized - Enabled: False
2025-09-14 05:58:48 - utils.email_service - INFO - Email service initialized - Enabled: False
2025-09-14 05:58:48 - utils.email_service - INFO - Email service initialized - Enabled: False
2025-09-14 05:58:50 - utils.email_service - INFO - Email service initialized - Enabled: False
2025-09-14 05:58:50 - utils.email_service - INFO - Email service initialized - Enabled: False
2025-09-14 05:59:02 - utils.email_service - INFO - Email service initialized - Enabled: False
2025-09-14 05:59:02 - utils.email_service - INFO - Email service initialized - Enabled: False
2025-09-14 06:15:44 - utils.email_service - INFO - Email service initialized - Enabled: False
2025-09-14 06:15:44 - utils.email_service - INFO - Email service initialized - Enabled: False
2025-09-14 06:15:46 - utils.email_service - INFO - Email service initialized - Enabled: False
2025-09-14 06:15:46 - utils.email_service - INFO - Email service initialized - Enabled: False
2025-09-14 06:15:58 - utils.email_service - INFO - Email service initialized - Enabled: False
2025-09-14 06:15:58 - utils.email_service - INFO - Email service initialized - Enabled: False
2025-09-14 08:16:42 - utils.email_service - INFO - Email service initialized - Enabled: False
2025-09-14 08:16:42 - utils.email_service - INFO - Email service initialized - Enabled: False
2025-09-14 08:16:44 - utils.email_service - INFO - Email service initialized - Enabled: False
2025-09-14 08:16:44 - utils.email_service - INFO - Email service initialized - Enabled: False
2025-09-14 08:16:57 - utils.email_service - INFO - Email service initialized - Enabled: False
2025-09-14 08:16:57 - utils.email_service - INFO - Email service initialized - Enabled: False
2025-09-14 09:14:32 - utils.email_service - INFO - Email service initialized - Enabled: False
2025-09-14 09:14:32 - utils.email_service - INFO - Email service initialized - Enabled: False
2025-09-14 09:14:34 - utils.email_service - INFO - Email service initialized - Enabled: False
2025-09-14 09:14:34 - utils.email_service - INFO - Email service initialized - Enabled: False
2025-09-14 09:14:46 - utils.email_service - INFO - Email service initialized - Enabled: False
2025-09-14 09:14:46 - utils.email_service - INFO - Email service initialized - Enabled: False
2025-09-14 09:16:10 - utils.email_service - INFO - Email service initialized - Enabled: False
2025-09-14 09:16:10 - utils.email_service - INFO - Email service initialized - Enabled: False
2025-09-14 09:16:11 - utils.email_service - INFO - Email service initialized - Enabled: False
2025-09-14 09:16:11 - utils.email_service - INFO - Email service initialized - Enabled: False
2025-09-14 09:16:23 - utils.email_service - INFO - Email service initialized - Enabled: False
2025-09-14 09:16:23 - utils.email_service - INFO - Email service initialized - Enabled: False
2025-09-14 09:19:25 - utils.email_service - INFO - Email service initialized - Enabled: False
2025-09-14 09:19:25 - utils.email_service - INFO - Email service initialized - Enabled: False
2025-09-14 09:19:27 - utils.email_service - INFO - Email service initialized - Enabled: False
2025-09-14 09:19:27 - utils.email_service - INFO - Email service initialized - Enabled: False
2025-09-14 09:19:39 - utils.email_service - INFO - Email service initialized - Enabled: False
2025-09-14 09:19:39 - utils.email_service - INFO - Email service initialized - Enabled: False
2025-09-14 09:30:55 - utils.email_service - INFO - Email service initialized - Enabled: False
2025-09-14 09:30:55 - utils.email_service - INFO - Email service initialized - Enabled: False
2025-09-14 09:30:56 - utils.email_service - INFO - Email service initialized - Enabled: False
2025-09-14 09:30:56 - utils.email_service - INFO - Email service initialized - Enabled: False
2025-09-14 09:31:08 - utils.email_service - INFO - Email service initialized - Enabled: False
2025-09-14 09:31:08 - utils.email_service - INFO - Email service initialized - Enabled: False
2025-09-14 09:32:23 - utils.email_service - INFO - Email service initialized - Enabled: False
2025-09-14 09:32:23 - utils.email_service - INFO - Email service initialized - Enabled: False
2025-09-14 09:32:25 - utils.email_service - INFO - Email service initialized - Enabled: False
2025-09-14 09:32:25 - utils.email_service - INFO - Email service initialized - Enabled: False
2025-09-14 09:32:37 - utils.email_service - INFO - Email service initialized - Enabled: False
2025-09-14 09:32:37 - utils.email_service - INFO - Email service initialized - Enabled: False
2025-09-14 09:34:52 - utils.email_service - INFO - Email service initialized - Enabled: False
2025-09-14 09:34:52 - utils.email_service - INFO - Email service initialized - Enabled: False
2025-09-14 09:34:54 - utils.email_service - INFO - Email service initialized - Enabled: False
2025-09-14 09:34:54 - utils.email_service - INFO - Email service initialized - Enabled: False
2025-09-14 09:35:06 - utils.email_service - INFO - Email service initialized - Enabled: False
2025-09-14 09:35:06 - utils.email_service - INFO - Email service initialized - Enabled: False
2025-09-14 09:36:42 - utils.email_service - INFO - Email service initialized - Enabled: False
2025-09-14 09:36:42 - utils.email_service - INFO - Email service initialized - Enabled: False
2025-09-14 09:36:43 - utils.email_service - INFO - Email service initialized - Enabled: False
2025-09-14 09:36:43 - utils.email_service - INFO - Email service initialized - Enabled: False
2025-09-14 09:36:46 - utils.email_service - INFO - Email service initialized - Enabled: False
2025-09-14 09:36:46 - utils.email_service - INFO - Email service initialized - Enabled: False
2025-09-14 09:36:55 - utils.email_service - INFO - Email service initialized - Enabled: False
2025-09-14 09:36:55 - utils.email_service - INFO - Email service initialized - Enabled: False
2025-09-14 09:46:16 - utils.email_service - INFO - Email service initialized - Enabled: False
2025-09-14 09:46:16 - utils.email_service - INFO - Email service initialized - Enabled: False
2025-09-14 09:46:18 - utils.email_service - INFO - Email service initialized - Enabled: False
2025-09-14 09:46:18 - utils.email_service - INFO - Email service initialized - Enabled: False
2025-09-14 09:46:30 - utils.email_service - INFO - Email service initialized - Enabled: False
2025-09-14 09:46:30 - utils.email_service - INFO - Email service initialized - Enabled: False
2025-09-14 10:02:47 - utils.email_service - INFO - Email service initialized - Enabled: False
2025-09-14 10:02:47 - utils.email_service - INFO - Email service initialized - Enabled: False
2025-09-14 10:02:48 - utils.email_service - INFO - Email service initialized - Enabled: False
2025-09-14 10:02:48 - utils.email_service - INFO - Email service initialized - Enabled: False
2025-09-14 10:03:03 - utils.email_service - INFO - Email service initialized - Enabled: False
2025-09-14 10:03:03 - utils.email_service - INFO - Email service initialized - Enabled: False
2025-09-14 10:12:17 - utils.email_service - INFO - Email service initialized - Enabled: False
2025-09-14 10:12:17 - utils.email_service - INFO - Email service initialized - Enabled: False
2025-09-14 10:34:01 - utils.email_service - INFO - Email service initialized - Enabled: False
2025-09-14 10:34:01 - utils.email_service - INFO - Email service initialized - Enabled: False
2025-09-14 10:34:03 - utils.email_service - INFO - Email service initialized - Enabled: False
2025-09-14 10:34:03 - utils.email_service - INFO - Email service initialized - Enabled: False
2025-09-14 10:50:25 - utils.email_service - INFO - Email service initialized - Enabled: False
2025-09-14 10:50:25 - utils.email_service - INFO - Email service initialized - Enabled: False
2025-09-14 10:50:27 - utils.email_service - INFO - Email service initialized - Enabled: False
2025-09-14 10:50:27 - utils.email_service - INFO - Email service initialized - Enabled: False
2025-09-14 10:50:39 - utils.email_service - INFO - Email service initialized - Enabled: False
2025-09-14 10:50:39 - utils.email_service - INFO - Email service initialized - Enabled: False
2025-09-14 11:00:23 - utils.email_service - INFO - Email service initialized - Enabled: False
2025-09-14 11:00:23 - utils.email_service - INFO - Email service initialized - Enabled: False
2025-09-14 11:00:25 - utils.email_service - INFO - Email service initialized - Enabled: False
2025-09-14 11:00:25 - utils.email_service - INFO - Email service initialized - Enabled: False
2025-09-14 11:00:37 - utils.email_service - INFO - Email service initialized - Enabled: False
2025-09-14 11:00:37 - utils.email_service - INFO - Email service initialized - Enabled: False
2025-09-16 11:08:17 - utils.email_service - INFO - Email service initialized - Enabled: False
2025-09-16 11:08:17 - utils.email_service - INFO - Email service initialized - Enabled: False
2025-09-16 11:08:24 - utils.email_service - INFO - Email service initialized - Enabled: False
2025-09-16 11:08:24 - utils.email_service - INFO - Email service initialized - Enabled: False
2025-09-16 12:46:22 - utils.email_service - INFO - Email service initialized - Enabled: False
2025-09-16 12:46:22 - utils.email_service - INFO - Email service initialized - Enabled: False
2025-09-16 12:46:23 - utils.email_service - INFO - Email service initialized - Enabled: False
2025-09-16 12:46:23 - utils.email_service - INFO - Email service initialized - Enabled: False
2025-09-16 12:46:35 - utils.email_service - INFO - Email service initialized - Enabled: False
2025-09-16 12:46:35 - utils.email_service - INFO - Email service initialized - Enabled: False
2025-09-16 12:57:01 - utils.email_service - INFO - Email service initialized - Enabled: False
2025-09-16 12:57:01 - utils.email_service - INFO - Email service initialized - Enabled: False
2025-09-16 12:57:03 - utils.email_service - INFO - Email service initialized - Enabled: False
2025-09-16 12:57:03 - utils.email_service - INFO - Email service initialized - Enabled: False
2025-09-16 12:57:22 - utils.email_service - INFO - Email service initialized - Enabled: False
2025-09-16 12:57:22 - utils.email_service - INFO - Email service initialized - Enabled: False
2025-09-16 13:03:39 - utils.email_service - INFO - Email service initialized - Enabled: False
2025-09-16 13:03:39 - utils.email_service - INFO - Email service initialized - Enabled: False
2025-09-16 13:03:41 - utils.email_service - INFO - Email service initialized - Enabled: False
2025-09-16 13:03:41 - utils.email_service - INFO - Email service initialized - Enabled: False
2025-09-16 13:03:53 - utils.email_service - INFO - Email service initialized - Enabled: False
2025-09-16 13:03:53 - utils.email_service - INFO - Email service initialized - Enabled: False
2025-09-16 13:10:37 - utils.email_service - INFO - Email service initialized - Enabled: False
2025-09-16 13:10:37 - utils.email_service - INFO - Email service initialized - Enabled: False
2025-09-16 13:10:39 - utils.email_service - INFO - Email service initialized - Enabled: False
2025-09-16 13:10:39 - utils.email_service - INFO - Email service initialized - Enabled: False
2025-09-16 13:10:52 - utils.email_service - INFO - Email service initialized - Enabled: False
2025-09-16 13:10:52 - utils.email_service - INFO - Email service initialized - Enabled: False
2025-09-16 13:13:31 - utils.email_service - INFO - Email service initialized - Enabled: False
2025-09-16 13:13:31 - utils.email_service - INFO - Email service initialized - Enabled: False
2025-09-16 13:13:34 - utils.email_service - INFO - Email service initialized - Enabled: False
2025-09-16 13:13:34 - utils.email_service - INFO - Email service initialized - Enabled: False
2025-09-16 13:13:46 - utils.email_service - INFO - Email service initialized - Enabled: False
2025-09-16 13:13:46 - utils.email_service - INFO - Email service initialized - Enabled: False
2025-09-16 13:32:15 - utils.email_service - INFO - Email service initialized - Enabled: False
2025-09-16 13:32:15 - utils.email_service - INFO - Email service initialized - Enabled: False
2025-09-16 13:32:17 - utils.email_service - INFO - Email service initialized - Enabled: False
2025-09-16 13:32:17 - utils.email_service - INFO - Email service initialized - Enabled: False
2025-09-16 13:32:30 - utils.email_service - INFO - Email service initialized - Enabled: False
2025-09-16 13:32:30 - utils.email_service - INFO - Email service initialized - Enabled: False
2025-09-16 13:35:52 - utils.email_service - INFO - Email service initialized - Enabled: False
2025-09-16 13:35:52 - utils.email_service - INFO - Email service initialized - Enabled: False
2025-09-16 13:35:54 - utils.email_service - INFO - Email service initialized - Enabled: False
2025-09-16 13:35:54 - utils.email_service - INFO - Email service initialized - Enabled: False
2025-09-16 13:36:06 - utils.email_service - INFO - Email service initialized - Enabled: False
2025-09-16 13:36:06 - utils.email_service - INFO - Email service initialized - Enabled: False
2025-09-16 13:42:43 - utils.email_service - INFO - Email service initialized - Enabled: False
2025-09-16 13:42:43 - utils.email_service - INFO - Email service initialized - Enabled: False
2025-09-16 13:42:45 - utils.email_service - INFO - Email service initialized - Enabled: False
2025-09-16 13:42:45 - utils.email_service - INFO - Email service initialized - Enabled: False
2025-09-16 13:42:57 - utils.email_service - INFO - Email service initialized - Enabled: False
2025-09-16 13:42:57 - utils.email_service - INFO - Email service initialized - Enabled: False
2025-09-16 13:52:02 - utils.email_service - INFO - Email service initialized - Enabled: False
2025-09-16 13:52:02 - utils.email_service - INFO - Email service initialized - Enabled: False
2025-09-16 13:52:04 - utils.email_service - INFO - Email service initialized - Enabled: False
2025-09-16 13:52:04 - utils.email_service - INFO - Email service initialized - Enabled: False
2025-09-16 13:52:16 - utils.email_service - INFO - Email service initialized - Enabled: False
2025-09-16 13:52:16 - utils.email_service - INFO - Email service initialized - Enabled: False
2025-09-16 14:13:43 - utils.email_service - INFO - Email service initialized - Enabled: False
2025-09-16 14:13:43 - utils.email_service - INFO - Email service initialized - Enabled: False
2025-09-16 14:14:08 - utils.email_service - INFO - Email service initialized - Enabled: False
2025-09-16 14:14:08 - utils.email_service - INFO - Email service initialized - Enabled: False
2025-09-16 14:14:10 - utils.email_service - INFO - Email service initialized - Enabled: False
2025-09-16 14:14:10 - utils.email_service - INFO - Email service initialized - Enabled: False
2025-09-16 14:14:22 - utils.email_service - INFO - Email service initialized - Enabled: False
2025-09-16 14:14:22 - utils.email_service - INFO - Email service initialized - Enabled: False
2025-09-16 14:20:38 - utils.email_service - INFO - Email service initialized - Enabled: False
2025-09-16 14:20:38 - utils.email_service - INFO - Email service initialized - Enabled: False
2025-09-16 14:20:40 - utils.email_service - INFO - Email service initialized - Enabled: False
2025-09-16 14:20:40 - utils.email_service - INFO - Email service initialized - Enabled: False
2025-09-16 14:20:53 - utils.email_service - INFO - Email service initialized - Enabled: False
2025-09-16 14:20:53 - utils.email_service - INFO - Email service initialized - Enabled: False
2025-09-16 14:29:32 - utils.email_service - INFO - Email service initialized - Enabled: False
2025-09-16 14:29:32 - utils.email_service - INFO - Email service initialized - Enabled: False
2025-09-16 14:29:33 - utils.email_service - INFO - Email service initialized - Enabled: False
2025-09-16 14:29:33 - utils.email_service - INFO - Email service initialized - Enabled: False
2025-09-16 14:29:46 - utils.email_service - INFO - Email service initialized - Enabled: False
2025-09-16 14:29:46 - utils.email_service - INFO - Email service initialized - Enabled: False
2025-09-16 14:36:38 - utils.email_service - INFO - Email service initialized - Enabled: False
2025-09-16 14:36:38 - utils.email_service - INFO - Email service initialized - Enabled: False
2025-09-16 14:36:40 - utils.email_service - INFO - Email service initialized - Enabled: False
2025-09-16 14:36:40 - utils.email_service - INFO - Email service initialized - Enabled: False
2025-09-16 14:36:52 - utils.email_service - INFO - Email service initialized - Enabled: False
2025-09-16 14:36:52 - utils.email_service - INFO - Email service initialized - Enabled: False
2025-09-16 14:39:01 - utils.email_service - INFO - Email service initialized - Enabled: False
2025-09-16 14:39:01 - utils.email_service - INFO - Email service initialized - Enabled: False
2025-09-16 14:39:03 - utils.email_service - INFO - Email service initialized - Enabled: False
2025-09-16 14:39:03 - utils.email_service - INFO - Email service initialized - Enabled: False
2025-09-16 14:39:15 - utils.email_service - INFO - Email service initialized - Enabled: False
2025-09-16 14:39:15 - utils.email_service - INFO - Email service initialized - Enabled: False
2025-09-16 18:47:02 - utils.email_service - INFO - Email service initialized - Enabled: False
2025-09-16 18:47:02 - utils.email_service - INFO - Email service initialized - Enabled: False
2025-09-16 18:47:04 - utils.email_service - INFO - Email service initialized - Enabled: False
2025-09-16 18:47:04 - utils.email_service - INFO - Email service initialized - Enabled: False
2025-09-16 18:47:16 - utils.email_service - INFO - Email service initialized - Enabled: False
2025-09-16 18:47:16 - utils.email_service - INFO - Email service initialized - Enabled: False
2025-09-16 18:53:43 - utils.email_service - INFO - Email service initialized - Enabled: False
2025-09-16 18:53:43 - utils.email_service - INFO - Email service initialized - Enabled: False
2025-09-16 18:53:45 - utils.email_service - INFO - Email service initialized - Enabled: False
2025-09-16 18:53:45 - utils.email_service - INFO - Email service initialized - Enabled: False
2025-09-16 18:53:57 - utils.email_service - INFO - Email service initialized - Enabled: False
2025-09-16 18:53:57 - utils.email_service - INFO - Email service initialized - Enabled: False
2025-09-16 18:56:39 - utils.email_service - INFO - Email service initialized - Enabled: False
2025-09-16 18:56:39 - utils.email_service - INFO - Email service initialized - Enabled: False
2025-09-16 18:56:40 - utils.email_service - INFO - Email service initialized - Enabled: False
2025-09-16 18:56:40 - utils.email_service - INFO - Email service initialized - Enabled: False
2025-09-16 18:56:52 - utils.email_service - INFO - Email service initialized - Enabled: False
2025-09-16 18:56:52 - utils.email_service - INFO - Email service initialized - Enabled: False
2025-09-16 19:05:02 - utils.email_service - INFO - Email service initialized - Enabled: False
2025-09-16 19:05:02 - utils.email_service - INFO - Email service initialized - Enabled: False
2025-09-16 19:05:04 - utils.email_service - INFO - Email service initialized - Enabled: False
2025-09-16 19:05:04 - utils.email_service - INFO - Email service initialized - Enabled: False
2025-09-16 19:05:16 - utils.email_service - INFO - Email service initialized - Enabled: False
2025-09-16 19:05:16 - utils.email_service - INFO - Email service initialized - Enabled: False
2025-09-16 19:28:06 - utils.email_service - INFO - Email service initialized - Enabled: False
2025-09-16 19:28:06 - utils.email_service - INFO - Email service initialized - Enabled: False
2025-09-16 19:28:08 - utils.email_service - INFO - Email service initialized - Enabled: False
2025-09-16 19:28:08 - utils.email_service - INFO - Email service initialized - Enabled: False
2025-09-16 19:28:21 - utils.email_service - INFO - Email service initialized - Enabled: False
2025-09-16 19:28:21 - utils.email_service - INFO - Email service initialized - Enabled: False
2025-09-16 19:43:19 - utils.email_service - INFO - Email service initialized - Enabled: False
2025-09-16 19:43:19 - utils.email_service - INFO - Email service initialized - Enabled: False
2025-09-16 19:43:21 - utils.email_service - INFO - Email service initialized - Enabled: False
2025-09-16 19:43:21 - utils.email_service - INFO - Email service initialized - Enabled: False
2025-09-16 19:43:33 - utils.email_service - INFO - Email service initialized - Enabled: False
2025-09-16 19:43:33 - utils.email_service - INFO - Email service initialized - Enabled: False
2025-09-16 19:44:25 - utils.email_service - INFO - Email service initialized - Enabled: False
2025-09-16 19:44:25 - utils.email_service - INFO - Email service initialized - Enabled: False
2025-09-16 19:44:27 - utils.email_service - INFO - Email service initialized - Enabled: False
2025-09-16 19:44:27 - utils.email_service - INFO - Email service initialized - Enabled: False
2025-09-16 19:44:39 - utils.email_service - INFO - Email service initialized - Enabled: False
2025-09-16 19:44:39 - utils.email_service - INFO - Email service initialized - Enabled: False
2025-09-16 19:54:09 - utils.email_service - INFO - Email service initialized - Enabled: False
2025-09-16 19:54:09 - utils.email_service - INFO - Email service initialized - Enabled: False
2025-09-16 19:54:40 - utils.email_service - INFO - Email service initialized - Enabled: False
2025-09-16 19:54:40 - utils.email_service - INFO - Email service initialized - Enabled: False
2025-09-16 19:54:42 - utils.email_service - INFO - Email service initialized - Enabled: False
2025-09-16 19:54:42 - utils.email_service - INFO - Email service initialized - Enabled: False
2025-09-16 19:54:54 - utils.email_service - INFO - Email service initialized - Enabled: False
2025-09-16 19:54:54 - utils.email_service - INFO - Email service initialized - Enabled: False
2025-09-16 19:57:01 - utils.email_service - INFO - Email service initialized - Enabled: False
2025-09-16 19:57:01 - utils.email_service - INFO - Email service initialized - Enabled: False
2025-09-16 19:57:04 - utils.email_service - INFO - Email service initialized - Enabled: False
2025-09-16 19:57:04 - utils.email_service - INFO - Email service initialized - Enabled: False
2025-09-16 20:01:22 - utils.email_service - INFO - Email service initialized - Enabled: False
2025-09-16 20:01:22 - utils.email_service - INFO - Email service initialized - Enabled: False
2025-09-16 20:01:23 - utils.email_service - INFO - Email service initialized - Enabled: False
2025-09-16 20:01:23 - utils.email_service - INFO - Email service initialized - Enabled: False
2025-09-16 20:01:36 - utils.email_service - INFO - Email service initialized - Enabled: False
2025-09-16 20:01:36 - utils.email_service - INFO - Email service initialized - Enabled: False
2025-09-16 20:08:05 - utils.email_service - INFO - Email service initialized - Enabled: False
2025-09-16 20:08:05 - utils.email_service - INFO - Email service initialized - Enabled: False
2025-09-16 20:08:07 - utils.email_service - INFO - Email service initialized - Enabled: False
2025-09-16 20:08:07 - utils.email_service - INFO - Email service initialized - Enabled: False
2025-09-16 20:08:19 - utils.email_service - INFO - Email service initialized - Enabled: False
2025-09-16 20:08:19 - utils.email_service - INFO - Email service initialized - Enabled: False
2025-09-16 20:26:45 - utils.email_service - INFO - Email service initialized - Enabled: False
2025-09-16 20:26:45 - utils.email_service - INFO - Email service initialized - Enabled: False
2025-09-16 20:29:31 - utils.email_service - INFO - Email service initialized - Enabled: False
2025-09-16 20:29:31 - utils.email_service - INFO - Email service initialized - Enabled: False
2025-09-16 20:29:35 - utils.email_service - INFO - Email service initialized - Enabled: False
2025-09-16 20:29:35 - utils.email_service - INFO - Email service initialized - Enabled: False
2025-09-16 20:29:46 - utils.email_service - INFO - Email service initialized - Enabled: False
2025-09-16 20:29:46 - utils.email_service - INFO - Email service initialized - Enabled: False
2025-09-16 22:45:19 - utils.email_service - INFO - Email service initialized - Enabled: False
2025-09-16 22:45:19 - utils.email_service - INFO - Email service initialized - Enabled: False
2025-09-16 22:56:59 - utils.email_service - INFO - Email service initialized - Enabled: False
2025-09-16 22:56:59 - utils.email_service - INFO - Email service initialized - Enabled: False
2025-09-16 22:57:00 - utils.email_service - INFO - Email service initialized - Enabled: False
2025-09-16 22:57:00 - utils.email_service - INFO - Email service initialized - Enabled: False
2025-09-16 22:57:13 - utils.email_service - INFO - Email service initialized - Enabled: False
2025-09-16 22:57:13 - utils.email_service - INFO - Email service initialized - Enabled: False
2025-09-16 22:59:09 - utils.email_service - INFO - Email service initialized - Enabled: False
2025-09-16 22:59:09 - utils.email_service - INFO - Email service initialized - Enabled: False
2025-09-16 22:59:11 - utils.email_service - INFO - Email service initialized - Enabled: False
2025-09-16 22:59:11 - utils.email_service - INFO - Email service initialized - Enabled: False
2025-09-16 22:59:24 - utils.email_service - INFO - Email service initialized - Enabled: False
2025-09-16 22:59:24 - utils.email_service - INFO - Email service initialized - Enabled: False
2025-09-16 23:00:11 - utils.email_service - INFO - Email service initialized - Enabled: False
2025-09-16 23:00:11 - utils.email_service - INFO - Email service initialized - Enabled: False
2025-09-16 23:14:13 - utils.email_service - INFO - Email service initialized - Enabled: False
2025-09-16 23:14:13 - utils.email_service - INFO - Email service initialized - Enabled: False
2025-09-16 23:26:24 - utils.email_service - INFO - Email service initialized - Enabled: False
2025-09-16 23:26:24 - utils.email_service - INFO - Email service initialized - Enabled: False
2025-09-16 23:26:46 - utils.email_service - INFO - Email service initialized - Enabled: False
2025-09-16 23:26:46 - utils.email_service - INFO - Email service initialized - Enabled: False
2025-09-16 23:41:00 - utils.email_service - INFO - Email service initialized - Enabled: False
2025-09-16 23:41:00 - utils.email_service - INFO - Email service initialized - Enabled: False
2025-09-16 23:41:02 - utils.email_service - INFO - Email service initialized - Enabled: False
2025-09-16 23:41:02 - utils.email_service - INFO - Email service initialized - Enabled: False
2025-09-16 23:41:15 - utils.email_service - INFO - Email service initialized - Enabled: False
2025-09-16 23:41:15 - utils.email_service - INFO - Email service initialized - Enabled: False
2025-09-16 23:43:47 - utils.email_service - INFO - Email service initialized - Enabled: False
2025-09-16 23:43:47 - utils.email_service - INFO - Email service initialized - Enabled: False
2025-09-16 23:43:49 - utils.email_service - INFO - Email service initialized - Enabled: False
2025-09-16 23:43:49 - utils.email_service - INFO - Email service initialized - Enabled: False
2025-09-16 23:44:01 - utils.email_service - INFO - Email service initialized - Enabled: False
2025-09-16 23:44:01 - utils.email_service - INFO - Email service initialized - Enabled: False
2025-09-16 23:55:14 - utils.email_service - INFO - Email service initialized - Enabled: False
2025-09-16 23:55:14 - utils.email_service - INFO - Email service initialized - Enabled: False
2025-09-16 23:55:16 - utils.email_service - INFO - Email service initialized - Enabled: False
2025-09-16 23:55:16 - utils.email_service - INFO - Email service initialized - Enabled: False
2025-09-16 23:55:28 - utils.email_service - INFO - Email service initialized - Enabled: False
2025-09-16 23:55:28 - utils.email_service - INFO - Email service initialized - Enabled: False
2025-09-16 23:57:37 - utils.email_service - INFO - Email service initialized - Enabled: False
2025-09-16 23:57:37 - utils.email_service - INFO - Email service initialized - Enabled: False
2025-09-16 23:57:39 - utils.email_service - INFO - Email service initialized - Enabled: False
2025-09-16 23:57:39 - utils.email_service - INFO - Email service initialized - Enabled: False
2025-09-16 23:57:51 - utils.email_service - INFO - Email service initialized - Enabled: False
2025-09-16 23:57:51 - utils.email_service - INFO - Email service initialized - Enabled: False
2025-09-16 23:58:41 - utils.email_service - INFO - Email service initialized - Enabled: False
2025-09-16 23:58:41 - utils.email_service - INFO - Email service initialized - Enabled: False
2025-09-16 23:58:43 - utils.email_service - INFO - Email service initialized - Enabled: False
2025-09-16 23:58:43 - utils.email_service - INFO - Email service initialized - Enabled: False
2025-09-16 23:58:55 - utils.email_service - INFO - Email service initialized - Enabled: False
2025-09-16 23:58:55 - utils.email_service - INFO - Email service initialized - Enabled: False
2025-09-17 00:16:23 - utils.email_service - INFO - Email service initialized - Enabled: False
2025-09-17 00:16:23 - utils.email_service - INFO - Email service initialized - Enabled: False
2025-09-17 00:16:25 - utils.email_service - INFO - Email service initialized - Enabled: False
2025-09-17 00:16:25 - utils.email_service - INFO - Email service initialized - Enabled: False
2025-09-17 00:17:01 - utils.email_service - INFO - Email service initialized - Enabled: False
2025-09-17 00:17:01 - utils.email_service - INFO - Email service initialized - Enabled: False
2025-09-17 09:43:59 - utils.email_service - INFO - Email service initialized - Enabled: False
2025-09-17 09:43:59 - utils.email_service - INFO - Email service initialized - Enabled: False
2025-09-17 09:44:06 - utils.email_service - INFO - Email service initialized - Enabled: False
2025-09-17 09:44:06 - utils.email_service - INFO - Email service initialized - Enabled: False
2025-09-17 09:44:41 - utils.email_service - INFO - Email service initialized - Enabled: False
2025-09-17 09:44:41 - utils.email_service - INFO - Email service initialized - Enabled: False
2025-09-24 13:35:42 - utils.email_service - INFO - Email service initialized - Enabled: False
2025-09-24 13:35:42 - utils.email_service - INFO - Email service initialized - Enabled: False
2025-09-24 13:35:58 - utils.email_service - INFO - Email service initialized - Enabled: False
2025-09-24 13:35:58 - utils.email_service - INFO - Email service initialized - Enabled: False
2025-09-24 13:38:23 - utils.email_service - INFO - Email service initialized - Enabled: False
2025-09-24 13:38:23 - utils.email_service - INFO - Email service initialized - Enabled: False
2025-09-24 13:45:44 - utils.email_service - INFO - Email service initialized - Enabled: False
2025-09-24 13:45:44 - utils.email_service - INFO - Email service initialized - Enabled: False
2025-09-24 13:45:53 - utils.email_service - INFO - Email service initialized - Enabled: False
2025-09-24 13:45:53 - utils.email_service - INFO - Email service initialized - Enabled: False
2025-09-24 13:47:04 - utils.email_service - INFO - Email service initialized - Enabled: False
2025-09-24 13:47:04 - utils.email_service - INFO - Email service initialized - Enabled: False
2025-09-24 15:08:52 - utils.email_service - INFO - Email service initialized - Enabled: False
2025-09-24 15:08:52 - utils.email_service - INFO - Email service initialized - Enabled: False
2025-09-24 15:09:00 - utils.email_service - INFO - Email service initialized - Enabled: False
2025-09-24 15:09:00 - utils.email_service - INFO - Email service initialized - Enabled: False
2025-09-24 15:13:16 - utils.email_service - INFO - Email service initialized - Enabled: False
2025-09-24 15:13:16 - utils.email_service - INFO - Email service initialized - Enabled: False
2025-09-24 17:14:27 - utils.email_service - INFO - Email service initialized - Enabled: False
2025-09-24 17:14:27 - utils.email_service - INFO - Email service initialized - Enabled: False
2025-09-24 17:14:33 - utils.email_service - INFO - Email service initialized - Enabled: False
2025-09-24 17:14:33 - utils.email_service - INFO - Email service initialized - Enabled: False
2025-09-24 17:15:04 - utils.email_service - INFO - Email service initialized - Enabled: False
2025-09-24 17:15:05 - utils.email_service - INFO - Email service initialized - Enabled: False
2025-09-24 17:35:02 - utils.email_service - INFO - Email service initialized - Enabled: False
2025-09-24 17:35:02 - utils.email_service - INFO - Email service initialized - Enabled: False
2025-09-24 17:35:08 - utils.email_service - INFO - Email service initialized - Enabled: False
2025-09-24 17:35:08 - utils.email_service - INFO - Email service initialized - Enabled: False
2025-09-24 17:35:39 - utils.email_service - INFO - Email service initialized - Enabled: False
2025-09-24 17:35:39 - utils.email_service - INFO - Email service initialized - Enabled: False
2025-09-24 17:45:22 - utils.email_service - INFO - Email service initialized - Enabled: False
2025-09-24 17:45:22 - utils.email_service - INFO - Email service initialized - Enabled: False
2025-09-24 17:45:28 - utils.email_service - INFO - Email service initialized - Enabled: False
2025-09-24 17:45:28 - utils.email_service - INFO - Email service initialized - Enabled: False
2025-09-24 17:45:54 - utils.email_service - INFO - Email service initialized - Enabled: False
2025-09-24 17:45:54 - utils.email_service - INFO - Email service initialized - Enabled: False
2025-09-25 16:49:07 - utils.email_service - INFO - Email service initialized - Enabled: False
2025-09-25 16:49:07 - utils.email_service - INFO - Email service initialized - Enabled: False
2025-09-25 16:49:13 - utils.email_service - INFO - Email service initialized - Enabled: False
2025-09-25 16:49:13 - utils.email_service - INFO - Email service initialized - Enabled: False
2025-09-25 16:49:43 - utils.email_service - INFO - Email service initialized - Enabled: False
2025-09-25 16:49:43 - utils.email_service - INFO - Email service initialized - Enabled: False
2025-09-25 17:55:14 - utils.email_service - INFO - Email service initialized - Enabled: False
2025-09-25 17:55:14 - utils.email_service - INFO - Email service initialized - Enabled: False
2025-09-25 17:56:49 - utils.email_service - INFO - Email service initialized - Enabled: False
2025-09-25 17:56:49 - utils.email_service - INFO - Email service initialized - Enabled: False
2025-09-25 18:00:09 - utils.email_service - INFO - Email service initialized - Enabled: False
2025-09-25 18:00:09 - utils.email_service - INFO - Email service initialized - Enabled: False
2025-09-25 18:03:24 - utils.email_service - INFO - Email service initialized - Enabled: False
2025-09-25 18:03:24 - utils.email_service - INFO - Email service initialized - Enabled: False
2025-09-25 18:03:25 - utils.email_service - INFO - Email service initialized - Enabled: False
2025-09-25 18:03:25 - utils.email_service - INFO - Email service initialized - Enabled: False
2025-09-25 18:03:33 - utils.email_service - INFO - Email service initialized - Enabled: False
2025-09-25 18:03:33 - utils.email_service - INFO - Email service initialized - Enabled: False
2025-09-25 18:04:09 - utils.email_service - INFO - Email service initialized - Enabled: False
2025-09-25 18:04:09 - utils.email_service - INFO - Email service initialized - Enabled: False
2025-09-25 18:04:12 - utils.email_service - INFO - Email service initialized - Enabled: False
2025-09-25 18:04:12 - utils.email_service - INFO - Email service initialized - Enabled: False
2025-09-25 18:04:20 - utils.email_service - INFO - Email service initialized - Enabled: False
2025-09-25 18:04:20 - utils.email_service - INFO - Email service initialized - Enabled: False
2025-09-25 18:04:56 - utils.email_service - INFO - Email service initialized - Enabled: False
2025-09-25 18:04:56 - utils.email_service - INFO - Email service initialized - Enabled: False
2025-09-25 18:04:58 - utils.email_service - INFO - Email service initialized - Enabled: False
2025-09-25 18:04:58 - utils.email_service - INFO - Email service initialized - Enabled: False
2025-09-25 18:05:06 - utils.email_service - INFO - Email service initialized - Enabled: False
2025-09-25 18:05:06 - utils.email_service - INFO - Email service initialized - Enabled: False
2025-09-25 18:05:42 - utils.email_service - INFO - Email service initialized - Enabled: False
2025-09-25 18:05:42 - utils.email_service - INFO - Email service initialized - Enabled: False
2025-09-25 18:05:44 - utils.email_service - INFO - Email service initialized - Enabled: False
2025-09-25 18:05:44 - utils.email_service - INFO - Email service initialized - Enabled: False
2025-09-25 18:05:52 - utils.email_service - INFO - Email service initialized - Enabled: False
2025-09-25 18:05:52 - utils.email_service - INFO - Email service initialized - Enabled: False
2025-09-25 18:06:29 - utils.email_service - INFO - Email service initialized - Enabled: False
2025-09-25 18:06:29 - utils.email_service - INFO - Email service initialized - Enabled: False
2025-09-25 18:06:30 - utils.email_service - INFO - Email service initialized - Enabled: False
2025-09-25 18:06:30 - utils.email_service - INFO - Email service initialized - Enabled: False
2025-09-25 18:06:39 - utils.email_service - INFO - Email service initialized - Enabled: False
2025-09-25 18:06:39 - utils.email_service - INFO - Email service initialized - Enabled: False
2025-09-25 18:07:15 - utils.email_service - INFO - Email service initialized - Enabled: False
2025-09-25 18:07:15 - utils.email_service - INFO - Email service initialized - Enabled: False
2025-09-25 18:07:17 - utils.email_service - INFO - Email service initialized - Enabled: False
2025-09-25 18:07:17 - utils.email_service - INFO - Email service initialized - Enabled: False
2025-09-25 18:07:25 - utils.email_service - INFO - Email service initialized - Enabled: False
2025-09-25 18:07:25 - utils.email_service - INFO - Email service initialized - Enabled: False
2025-09-25 18:08:02 - utils.email_service - INFO - Email service initialized - Enabled: False
2025-09-25 18:08:02 - utils.email_service - INFO - Email service initialized - Enabled: False
2025-09-25 18:08:04 - utils.email_service - INFO - Email service initialized - Enabled: False
2025-09-25 18:08:04 - utils.email_service - INFO - Email service initialized - Enabled: False
2025-09-25 18:08:12 - utils.email_service - INFO - Email service initialized - Enabled: False
2025-09-25 18:08:12 - utils.email_service - INFO - Email service initialized - Enabled: False
2025-09-25 18:08:48 - utils.email_service - INFO - Email service initialized - Enabled: False
2025-09-25 18:08:48 - utils.email_service - INFO - Email service initialized - Enabled: False
2025-09-25 18:08:50 - utils.email_service - INFO - Email service initialized - Enabled: False
2025-09-25 18:08:50 - utils.email_service - INFO - Email service initialized - Enabled: False
2025-09-25 18:08:58 - utils.email_service - INFO - Email service initialized - Enabled: False
2025-09-25 18:08:58 - utils.email_service - INFO - Email service initialized - Enabled: False
2025-09-25 23:40:18 - utils.email_service - INFO - Email service initialized - Enabled: False
2025-09-25 23:40:18 - utils.email_service - INFO - Email service initialized - Enabled: False
2025-09-25 23:40:24 - utils.email_service - INFO - Email service initialized - Enabled: False
2025-09-25 23:40:24 - utils.email_service - INFO - Email service initialized - Enabled: False
2025-09-25 23:41:02 - utils.email_service - INFO - Email service initialized - Enabled: False
2025-09-25 23:41:02 - utils.email_service - INFO - Email service initialized - Enabled: False
2025-09-26 16:32:06 - utils.email_service - INFO - Email service initialized - Enabled: False
2025-09-26 16:32:06 - utils.email_service - INFO - Email service initialized - Enabled: False
2025-09-26 16:32:15 - utils.email_service - INFO - Email service initialized - Enabled: False
2025-09-26 16:32:15 - utils.email_service - INFO - Email service initialized - Enabled: False
2025-09-26 16:36:02 - utils.email_service - INFO - Email service initialized - Enabled: False
2025-09-26 16:36:02 - utils.email_service - INFO - Email service initialized - Enabled: False
2025-09-26 17:24:47 - utils.email_service - INFO - Email service initialized - Enabled: False
2025-09-26 17:24:47 - utils.email_service - INFO - Email service initialized - Enabled: False
2025-09-26 17:24:53 - utils.email_service - INFO - Email service initialized - Enabled: False
2025-09-26 17:24:53 - utils.email_service - INFO - Email service initialized - Enabled: False
2025-09-26 17:25:44 - utils.email_service - INFO - Email service initialized - Enabled: False
2025-09-26 17:25:44 - utils.email_service - INFO - Email service initialized - Enabled: False
2025-09-26 18:18:54 - utils.email_service - INFO - Email service initialized - Enabled: False
2025-09-26 18:18:54 - utils.email_service - INFO - Email service initialized - Enabled: False
2025-09-26 18:19:00 - utils.email_service - INFO - Email service initialized - Enabled: False
2025-09-26 18:19:00 - utils.email_service - INFO - Email service initialized - Enabled: False
2025-09-26 18:22:47 - utils.email_service - INFO - Email service initialized - Enabled: False
2025-09-26 18:22:47 - utils.email_service - INFO - Email service initialized - Enabled: False
2025-09-26 18:22:53 - utils.email_service - INFO - Email service initialized - Enabled: False
2025-09-26 18:22:53 - utils.email_service - INFO - Email service initialized - Enabled: False
2025-09-26 18:23:38 - utils.email_service - INFO - Email service initialized - Enabled: False
2025-09-26 18:23:38 - utils.email_service - INFO - Email service initialized - Enabled: False
2025-09-26 22:55:57 - utils.email_service - INFO - Email service initialized - Enabled: False
2025-09-26 22:55:57 - utils.email_service - INFO - Email service initialized - Enabled: False
2025-09-26 22:56:03 - utils.email_service - INFO - Email service initialized - Enabled: False
2025-09-26 22:56:03 - utils.email_service - INFO - Email service initialized - Enabled: False
2025-09-26 22:57:41 - utils.email_service - INFO - Email service initialized - Enabled: False
2025-09-26 22:57:41 - utils.email_service - INFO - Email service initialized - Enabled: False
2025-09-26 23:35:56 - utils.email_service - INFO - Email service initialized - Enabled: False
2025-09-26 23:35:56 - utils.email_service - INFO - Email service initialized - Enabled: False
2025-09-26 23:36:02 - utils.email_service - INFO - Email service initialized - Enabled: False
2025-09-26 23:36:02 - utils.email_service - INFO - Email service initialized - Enabled: False
2025-09-26 23:37:04 - utils.email_service - INFO - Email service initialized - Enabled: False
2025-09-26 23:37:04 - utils.email_service - INFO - Email service initialized - Enabled: False
2025-09-26 23:51:58 - utils.email_service - INFO - Email service initialized - Enabled: False
2025-09-26 23:51:58 - utils.email_service - INFO - Email service initialized - Enabled: False
2025-09-26 23:52:05 - utils.email_service - INFO - Email service initialized - Enabled: False
2025-09-26 23:52:05 - utils.email_service - INFO - Email service initialized - Enabled: False
2025-09-26 23:52:56 - utils.email_service - INFO - Email service initialized - Enabled: False
2025-09-26 23:52:56 - utils.email_service - INFO - Email service initialized - Enabled: False
2025-09-27 00:02:10 - utils.email_service - INFO - Email service initialized - Enabled: False
2025-09-27 00:02:10 - utils.email_service - INFO - Email service initialized - Enabled: False
2025-09-27 00:02:16 - utils.email_service - INFO - Email service initialized - Enabled: False
2025-09-27 00:02:16 - utils.email_service - INFO - Email service initialized - Enabled: False
2025-09-27 00:03:09 - utils.email_service - INFO - Email service initialized - Enabled: False
2025-09-27 00:03:09 - utils.email_service - INFO - Email service initialized - Enabled: False
2025-09-27 00:09:26 - utils.email_service - INFO - Email service initialized - Enabled: False
2025-09-27 00:09:26 - utils.email_service - INFO - Email service initialized - Enabled: False
2025-09-27 00:09:33 - utils.email_service - INFO - Email service initialized - Enabled: False
2025-09-27 00:09:33 - utils.email_service - INFO - Email service initialized - Enabled: False
2025-09-27 00:10:20 - utils.email_service - INFO - Email service initialized - Enabled: False
2025-09-27 00:10:20 - utils.email_service - INFO - Email service initialized - Enabled: False
2025-09-27 00:24:30 - utils.email_service - INFO - Email service initialized - Enabled: False
2025-09-27 00:24:30 - utils.email_service - INFO - Email service initialized - Enabled: False
2025-09-27 00:24:37 - utils.email_service - INFO - Email service initialized - Enabled: False
2025-09-27 00:24:37 - utils.email_service - INFO - Email service initialized - Enabled: False
2025-09-27 00:25:41 - utils.email_service - INFO - Email service initialized - Enabled: False
2025-09-27 00:25:41 - utils.email_service - INFO - Email service initialized - Enabled: False
2025-09-27 08:36:02 - utils.email_service - INFO - Email service initialized - Enabled: False
2025-09-27 08:36:02 - utils.email_service - INFO - Email service initialized - Enabled: False
2025-09-27 08:36:09 - utils.email_service - INFO - Email service initialized - Enabled: False
2025-09-27 08:36:09 - utils.email_service - INFO - Email service initialized - Enabled: False
2025-09-27 08:38:05 - utils.email_service - INFO - Email service initialized - Enabled: False
2025-09-27 08:38:05 - utils.email_service - INFO - Email service initialized - Enabled: False
2025-09-27 08:58:42 - utils.email_service - INFO - Email service initialized - Enabled: False
2025-09-27 08:58:42 - utils.email_service - INFO - Email service initialized - Enabled: False
2025-09-27 08:58:53 - utils.email_service - INFO - Email service initialized - Enabled: False
2025-09-27 08:58:53 - utils.email_service - INFO - Email service initialized - Enabled: False
2025-09-27 09:01:22 - utils.email_service - INFO - Email service initialized - Enabled: False
2025-09-27 09:01:22 - utils.email_service - INFO - Email service initialized - Enabled: False
2025-09-27 09:14:35 - utils.email_service - INFO - Email service initialized - Enabled: False
2025-09-27 09:14:35 - utils.email_service - INFO - Email service initialized - Enabled: False
2025-09-27 09:14:43 - utils.email_service - INFO - Email service initialized - Enabled: False
2025-09-27 09:14:43 - utils.email_service - INFO - Email service initialized - Enabled: False
2025-09-27 09:15:56 - utils.email_service - INFO - Email service initialized - Enabled: False
2025-09-27 09:15:56 - utils.email_service - INFO - Email service initialized - Enabled: False
2025-09-27 09:26:13 - utils.email_service - INFO - Email service initialized - Enabled: False
2025-09-27 09:26:13 - utils.email_service - INFO - Email service initialized - Enabled: False
2025-09-27 09:26:20 - utils.email_service - INFO - Email service initialized - Enabled: False
2025-09-27 09:26:20 - utils.email_service - INFO - Email service initialized - Enabled: False
2025-09-27 09:27:29 - utils.email_service - INFO - Email service initialized - Enabled: False
2025-09-27 09:27:29 - utils.email_service - INFO - Email service initialized - Enabled: False
2025-09-27 09:41:03 - utils.email_service - INFO - Email service initialized - Enabled: False
2025-09-27 09:41:03 - utils.email_service - INFO - Email service initialized - Enabled: False
2025-09-27 09:41:09 - utils.email_service - INFO - Email service initialized - Enabled: False
2025-09-27 09:41:09 - utils.email_service - INFO - Email service initialized - Enabled: False
2025-09-27 09:41:59 - utils.email_service - INFO - Email service initialized - Enabled: False
2025-09-27 09:41:59 - utils.email_service - INFO - Email service initialized - Enabled: False
2025-09-28 12:02:03 - utils.email_service - INFO - Email service initialized - Enabled: False
2025-09-28 12:02:03 - utils.email_service - INFO - Email service initialized - Enabled: False
2025-09-28 12:02:12 - utils.email_service - INFO - Email service initialized - Enabled: False
2025-09-28 12:02:12 - utils.email_service - INFO - Email service initialized - Enabled: False
2025-09-28 12:10:29 - utils.email_service - INFO - Email service initialized - Enabled: False
2025-09-28 12:10:29 - utils.email_service - INFO - Email service initialized - Enabled: False
2025-09-28 12:10:36 - utils.email_service - INFO - Email service initialized - Enabled: False
2025-09-28 12:10:36 - utils.email_service - INFO - Email service initialized - Enabled: False
2025-09-28 12:14:28 - utils.email_service - INFO - Email service initialized - Enabled: False
2025-09-28 12:14:28 - utils.email_service - INFO - Email service initialized - Enabled: False
2025-09-28 18:55:07 - utils.email_service - INFO - Email service initialized - Enabled: False
2025-09-28 18:55:07 - utils.email_service - INFO - Email service initialized - Enabled: False
2025-09-28 18:55:13 - utils.email_service - INFO - Email service initialized - Enabled: False
2025-09-28 18:55:13 - utils.email_service - INFO - Email service initialized - Enabled: False
2025-09-28 18:57:03 - utils.email_service - INFO - Email service initialized - Enabled: False
2025-09-28 18:57:03 - utils.email_service - INFO - Email service initialized - Enabled: False
