2025-09-16 18:47:40 - security_service - ERROR - Failed to connect to Redis: AUTH <password> called without any password configured for the default user. Are you sure your configuration is correct?
2025-09-16 18:47:46 - security_service - ERROR - Failed to connect to Redis: AUTH <password> called without any password configured for the default user. Are you sure your configuration is correct?
2025-09-16 18:47:55 - security_service - ERROR - Failed to connect to Redis: AUTH <password> called without any password configured for the default user. Are you sure your configuration is correct?
2025-09-16 18:54:19 - security_service - ERROR - Failed to connect to Redis: AUTH <password> called without any password configured for the default user. Are you sure your configuration is correct?
2025-09-16 18:54:20 - security_service - INFO - Starting Enhanced Security service on port 8025
2025-09-16 19:05:35 - security_service - ERROR - Failed to connect to Redis: AUTH <password> called without any password configured for the default user. Are you sure your configuration is correct?
2025-09-16 19:05:35 - security_service - INFO - Starting Enhanced Security service on port 8025
2025-09-16 19:28:42 - security_service - ERROR - Failed to connect to Redis: AUTH <password> called without any password configured for the default user. Are you sure your configuration is correct?
2025-09-16 19:28:43 - security_service - INFO - Starting Enhanced Security service on port 8025
2025-09-16 19:43:52 - security_service - ERROR - Failed to connect to Redis: AUTH <password> called without any password configured for the default user. Are you sure your configuration is correct?
2025-09-16 19:43:53 - security_service - INFO - Starting Enhanced Security service on port 8025
2025-09-16 19:45:03 - security_service - ERROR - Failed to connect to Redis: AUTH <password> called without any password configured for the default user. Are you sure your configuration is correct?
2025-09-16 19:45:03 - security_service - INFO - Starting Enhanced Security service on port 8025
2025-09-16 19:55:16 - security_service - ERROR - Failed to connect to Redis: AUTH <password> called without any password configured for the default user. Are you sure your configuration is correct?
2025-09-16 19:55:16 - security_service - INFO - Starting Enhanced Security service on port 8025
2025-09-16 20:01:57 - security_service - ERROR - Failed to connect to Redis: AUTH <password> called without any password configured for the default user. Are you sure your configuration is correct?
2025-09-16 20:01:58 - security_service - INFO - Starting Enhanced Security service on port 8025
2025-09-16 20:08:52 - security_service - ERROR - Failed to connect to Redis: Error 10061 connecting to localhost:6379. No connection could be made because the target machine actively refused it.
2025-09-16 20:08:54 - security_service - INFO - Starting Enhanced Security service on port 8025
2025-09-16 20:30:10 - security_service - ERROR - Failed to connect to Redis: Error 10061 connecting to localhost:6379. No connection could be made because the target machine actively refused it.
2025-09-16 20:30:11 - security_service - INFO - Starting Enhanced Security service on port 8025
2025-09-16 22:57:35 - security_service - ERROR - Failed to connect to Redis: Error 10061 connecting to localhost:6379. No connection could be made because the target machine actively refused it.
2025-09-16 22:57:58 - security_service - ERROR - Failed to connect to Redis: Error 10061 connecting to localhost:6379. No connection could be made because the target machine actively refused it.
2025-09-16 22:57:58 - security_service - INFO - Starting Enhanced Security service on port 8025
2025-09-16 22:59:46 - security_service - ERROR - Failed to connect to Redis: Error 10061 connecting to localhost:6379. No connection could be made because the target machine actively refused it.
2025-09-16 22:59:47 - security_service - INFO - Starting Enhanced Security service on port 8025
2025-09-16 23:41:36 - security_service - ERROR - Failed to connect to Redis: Error 10061 connecting to localhost:6379. No connection could be made because the target machine actively refused it.
2025-09-16 23:41:38 - security_service - INFO - Starting Enhanced Security service on port 8025
2025-09-16 23:44:22 - security_service - ERROR - Failed to connect to Redis: AUTH <password> called without any password configured for the default user. Are you sure your configuration is correct?
2025-09-17 00:17:36 - security_service - ERROR - Failed to connect to Redis: AUTH <password> called without any password configured for the default user. Are you sure your configuration is correct?
2025-09-17 00:17:36 - security_service - INFO - Starting Enhanced Security service on port 8025
2025-09-17 09:45:26 - security_service - ERROR - Failed to connect to Redis: Error 10061 connecting to localhost:6379. No connection could be made because the target machine actively refused it.
2025-09-17 09:45:26 - security_service - INFO - Starting Enhanced Security service on port 8025
2025-09-17 10:05:02 - security_service - ERROR - Error setting up 2FA: Multiple classes found for path "UserSession" in the registry of this declarative base. Please use a fully module-qualified path.
2025-09-17 10:05:06 - security_service - ERROR - Error getting security stats: One or more mappers failed to initialize - can't proceed with initialization of other mappers. Triggering mapper: 'Mapper[User(users)]'. Original exception was: Multiple classes found for path "UserSession" in the registry of this declarative base. Please use a fully module-qualified path.
2025-09-17 10:05:13 - security_service - ERROR - Error getting sessions: One or more mappers failed to initialize - can't proceed with initialization of other mappers. Triggering mapper: 'Mapper[User(users)]'. Original exception was: Multiple classes found for path "UserSession" in the registry of this declarative base. Please use a fully module-qualified path.
2025-09-17 10:05:15 - security_service - ERROR - Error creating session: One or more mappers failed to initialize - can't proceed with initialization of other mappers. Triggering mapper: 'Mapper[User(users)]'. Original exception was: Multiple classes found for path "UserSession" in the registry of this declarative base. Please use a fully module-qualified path.
2025-09-17 10:12:41 - security_service - ERROR - Error setting up 2FA: One or more mappers failed to initialize - can't proceed with initialization of other mappers. Triggering mapper: 'Mapper[User(users)]'. Original exception was: Multiple classes found for path "UserSession" in the registry of this declarative base. Please use a fully module-qualified path.
2025-09-17 10:12:45 - security_service - ERROR - Error getting security stats: One or more mappers failed to initialize - can't proceed with initialization of other mappers. Triggering mapper: 'Mapper[User(users)]'. Original exception was: Multiple classes found for path "UserSession" in the registry of this declarative base. Please use a fully module-qualified path.
2025-09-17 10:12:51 - security_service - ERROR - Error getting sessions: One or more mappers failed to initialize - can't proceed with initialization of other mappers. Triggering mapper: 'Mapper[User(users)]'. Original exception was: Multiple classes found for path "UserSession" in the registry of this declarative base. Please use a fully module-qualified path.
2025-09-17 10:12:53 - security_service - ERROR - Error creating session: One or more mappers failed to initialize - can't proceed with initialization of other mappers. Triggering mapper: 'Mapper[User(users)]'. Original exception was: Multiple classes found for path "UserSession" in the registry of this declarative base. Please use a fully module-qualified path.
2025-09-17 10:20:15 - security_service - ERROR - Error setting up 2FA: One or more mappers failed to initialize - can't proceed with initialization of other mappers. Triggering mapper: 'Mapper[User(users)]'. Original exception was: Multiple classes found for path "UserSession" in the registry of this declarative base. Please use a fully module-qualified path.
2025-09-17 10:20:19 - security_service - ERROR - Error getting security stats: One or more mappers failed to initialize - can't proceed with initialization of other mappers. Triggering mapper: 'Mapper[User(users)]'. Original exception was: Multiple classes found for path "UserSession" in the registry of this declarative base. Please use a fully module-qualified path.
2025-09-17 10:20:25 - security_service - ERROR - Error getting sessions: One or more mappers failed to initialize - can't proceed with initialization of other mappers. Triggering mapper: 'Mapper[User(users)]'. Original exception was: Multiple classes found for path "UserSession" in the registry of this declarative base. Please use a fully module-qualified path.
2025-09-17 10:20:27 - security_service - ERROR - Error creating session: One or more mappers failed to initialize - can't proceed with initialization of other mappers. Triggering mapper: 'Mapper[User(users)]'. Original exception was: Multiple classes found for path "UserSession" in the registry of this declarative base. Please use a fully module-qualified path.
2025-09-17 11:02:48 - security_service - ERROR - Error getting security stats: One or more mappers failed to initialize - can't proceed with initialization of other mappers. Triggering mapper: 'Mapper[User(users)]'. Original exception was: Multiple classes found for path "UserSession" in the registry of this declarative base. Please use a fully module-qualified path.
2025-09-17 11:26:13 - security_service - ERROR - Error getting security stats: One or more mappers failed to initialize - can't proceed with initialization of other mappers. Triggering mapper: 'Mapper[User(users)]'. Original exception was: Multiple classes found for path "UserSession" in the registry of this declarative base. Please use a fully module-qualified path.
2025-09-17 11:34:08 - security_service - ERROR - Error getting security stats: One or more mappers failed to initialize - can't proceed with initialization of other mappers. Triggering mapper: 'Mapper[User(users)]'. Original exception was: Multiple classes found for path "UserSession" in the registry of this declarative base. Please use a fully module-qualified path.
2025-09-24 13:39:15 - security_service - ERROR - Failed to connect to Redis: Error 10061 connecting to localhost:6379. No connection could be made because the target machine actively refused it.
2025-09-24 13:39:16 - security_service - INFO - Starting Enhanced Security service on port 8025
2025-09-24 13:50:28 - security_service - ERROR - Failed to connect to Redis: Error 10061 connecting to localhost:6379. No connection could be made because the target machine actively refused it.
2025-09-24 13:50:29 - security_service - INFO - Starting Enhanced Security service on port 8025
2025-09-24 15:14:05 - security_service - ERROR - Failed to connect to Redis: Error 10061 connecting to localhost:6379. No connection could be made because the target machine actively refused it.
2025-09-24 15:14:05 - security_service - INFO - Starting Enhanced Security service on port 8025
2025-09-24 17:15:49 - security_service - ERROR - Failed to connect to Redis: Error 10061 connecting to localhost:6379. No connection could be made because the target machine actively refused it.
2025-09-24 17:15:49 - security_service - INFO - Starting Enhanced Security service on port 8025
2025-09-24 17:36:29 - security_service - ERROR - Failed to connect to Redis: Error 10061 connecting to localhost:6379. No connection could be made because the target machine actively refused it.
2025-09-24 17:36:29 - security_service - INFO - Starting Enhanced Security service on port 8025
2025-09-24 17:46:39 - security_service - ERROR - Failed to connect to Redis: Error 10061 connecting to localhost:6379. No connection could be made because the target machine actively refused it.
2025-09-24 17:46:39 - security_service - INFO - Starting Enhanced Security service on port 8025
2025-09-24 18:22:35 - security_service - ERROR - Error getting security stats: Multiple classes found for path "UserSession" in the registry of this declarative base. Please use a fully module-qualified path.
2025-09-25 16:50:25 - security_service - ERROR - Failed to connect to Redis: Error 10061 connecting to localhost:6379. No connection could be made because the target machine actively refused it.
2025-09-25 16:50:25 - security_service - INFO - Starting Enhanced Security service on port 8025
2025-09-25 16:54:09 - security_service - ERROR - Error getting security stats: Multiple classes found for path "UserSession" in the registry of this declarative base. Please use a fully module-qualified path.
2025-09-25 16:54:09 - security_service - ERROR - Error getting sessions: One or more mappers failed to initialize - can't proceed with initialization of other mappers. Triggering mapper: 'Mapper[User(users)]'. Original exception was: Multiple classes found for path "UserSession" in the registry of this declarative base. Please use a fully module-qualified path.
2025-09-25 16:54:09 - security_service - ERROR - Error getting security events: One or more mappers failed to initialize - can't proceed with initialization of other mappers. Triggering mapper: 'Mapper[User(users)]'. Original exception was: Multiple classes found for path "UserSession" in the registry of this declarative base. Please use a fully module-qualified path.
2025-09-25 16:54:10 - security_service - ERROR - Error setting up 2FA: One or more mappers failed to initialize - can't proceed with initialization of other mappers. Triggering mapper: 'Mapper[User(users)]'. Original exception was: Multiple classes found for path "UserSession" in the registry of this declarative base. Please use a fully module-qualified path.
2025-09-25 17:16:42 - security_service - ERROR - Error getting security stats: One or more mappers failed to initialize - can't proceed with initialization of other mappers. Triggering mapper: 'Mapper[User(users)]'. Original exception was: Multiple classes found for path "UserSession" in the registry of this declarative base. Please use a fully module-qualified path.
2025-09-25 17:16:42 - security_service - ERROR - Error getting sessions: One or more mappers failed to initialize - can't proceed with initialization of other mappers. Triggering mapper: 'Mapper[User(users)]'. Original exception was: Multiple classes found for path "UserSession" in the registry of this declarative base. Please use a fully module-qualified path.
2025-09-25 17:16:43 - security_service - ERROR - Error getting security events: One or more mappers failed to initialize - can't proceed with initialization of other mappers. Triggering mapper: 'Mapper[User(users)]'. Original exception was: Multiple classes found for path "UserSession" in the registry of this declarative base. Please use a fully module-qualified path.
2025-09-25 17:16:43 - security_service - ERROR - Error setting up 2FA: One or more mappers failed to initialize - can't proceed with initialization of other mappers. Triggering mapper: 'Mapper[User(users)]'. Original exception was: Multiple classes found for path "UserSession" in the registry of this declarative base. Please use a fully module-qualified path.
2025-09-25 23:41:44 - security_service - ERROR - Failed to connect to Redis: Error 10061 connecting to localhost:6379. No connection could be made because the target machine actively refused it.
2025-09-25 23:41:44 - security_service - INFO - Starting Enhanced Security service on port 8025
2025-09-26 16:37:18 - security_service - ERROR - Failed to connect to Redis: Error 10061 connecting to localhost:6379. No connection could be made because the target machine actively refused it.
2025-09-26 16:37:19 - security_service - INFO - Starting Enhanced Security service on port 8025
2025-09-26 17:26:29 - security_service - ERROR - Failed to connect to Redis: Error 10061 connecting to localhost:6379. No connection could be made because the target machine actively refused it.
2025-09-26 17:26:30 - security_service - INFO - Starting Enhanced Security service on port 8025
2025-09-26 18:24:21 - security_service - ERROR - Failed to connect to Redis: Error 10061 connecting to localhost:6379. No connection could be made because the target machine actively refused it.
2025-09-26 18:24:21 - security_service - INFO - Starting Enhanced Security service on port 8025
