2025-09-16 13:10:57 - task_service - INFO - Starting Task Management service on port 8020
2025-09-16 13:13:55 - task_service - INFO - Starting Task Management service on port 8020
2025-09-16 13:32:37 - task_service - INFO - Starting Task Management service on port 8020
2025-09-16 13:36:14 - task_service - INFO - Starting Task Management service on port 8020
2025-09-16 13:43:05 - task_service - INFO - Starting Task Management service on port 8020
2025-09-16 13:52:23 - task_service - INFO - Starting Task Management service on port 8020
2025-09-16 14:14:30 - task_service - INFO - Starting Task Management service on port 8020
2025-09-16 14:20:59 - task_service - INFO - Starting Task Management service on port 8020
2025-09-16 14:29:54 - task_service - INFO - Starting Task Management service on port 8020
2025-09-16 14:37:00 - task_service - INFO - Starting Task Management service on port 8020
2025-09-16 14:39:22 - task_service - INFO - Starting Task Management service on port 8020
2025-09-16 18:47:24 - task_service - INFO - Starting Task Management service on port 8020
2025-09-16 18:54:05 - task_service - INFO - Starting Task Management service on port 8020
2025-09-16 18:57:00 - task_service - INFO - Starting Task Management service on port 8020
2025-09-16 19:05:24 - task_service - INFO - Starting Task Management service on port 8020
2025-09-16 19:28:28 - task_service - INFO - Starting Task Management service on port 8020
2025-09-16 19:43:40 - task_service - INFO - Starting Task Management service on port 8020
2025-09-16 19:44:45 - task_service - INFO - Starting Task Management service on port 8020
2025-09-16 19:55:02 - task_service - INFO - Starting Task Management service on port 8020
2025-09-16 20:01:41 - task_service - INFO - Starting Task Management service on port 8020
2025-09-16 20:08:29 - task_service - INFO - Starting Task Management service on port 8020
2025-09-16 20:26:45 - task_service - INFO - Starting Task Management service on port 8020
2025-09-16 20:29:52 - task_service - INFO - Starting Task Management service on port 8020
2025-09-16 22:57:19 - task_service - INFO - Starting Task Management service on port 8020
2025-09-16 22:59:32 - task_service - INFO - Starting Task Management service on port 8020
2025-09-16 23:41:20 - task_service - INFO - Starting Task Management service on port 8020
2025-09-16 23:44:08 - task_service - INFO - Starting Task Management service on port 8020
2025-09-16 23:55:37 - task_service - INFO - Starting Task Management service on port 8020
2025-09-16 23:57:59 - task_service - INFO - Starting Task Management service on port 8020
2025-09-16 23:59:02 - task_service - INFO - Starting Task Management service on port 8020
2025-09-17 00:16:59 - task_service - INFO - Starting Task Management service on port 8020
2025-09-17 09:44:39 - task_service - INFO - Starting Task Management service on port 8020
2025-09-17 10:11:07 - task_service - ERROR - Error getting task categories: (psycopg2.errors.InvalidTextRepresentation) invalid input syntax for type uuid: "categories"
LINE 3: WHERE tasks.id = 'categories'::UUID 
                         ^

[SQL: SELECT tasks.id AS tasks_id, tasks.title AS tasks_title, tasks.description AS tasks_description, tasks.document_id AS tasks_document_id, tasks.assigned_to AS tasks_assigned_to, tasks.assigned_by AS tasks_assigned_by, tasks.priority AS tasks_priority, tasks.status AS tasks_status, tasks.category AS tasks_category, tasks.tags AS tasks_tags, tasks.due_date AS tasks_due_date, tasks.completed_at AS tasks_completed_at, tasks.estimated_hours AS tasks_estimated_hours, tasks.actual_hours AS tasks_actual_hours, tasks.progress_percentage AS tasks_progress_percentage, tasks.created_at AS tasks_created_at, tasks.updated_at AS tasks_updated_at, tasks.task_metadata AS tasks_task_metadata, tasks.attachments AS tasks_attachments, tasks.comments AS tasks_comments 
FROM tasks 
WHERE tasks.id = %(id_1)s::UUID 
 LIMIT %(param_1)s]
[parameters: {'id_1': 'categories', 'param_1': 1}]
(Background on this error at: https://sqlalche.me/e/20/9h9h)
2025-09-17 10:11:09 - task_service - ERROR - Error getting task my-tasks: (psycopg2.errors.InvalidTextRepresentation) invalid input syntax for type uuid: "my-tasks"
LINE 3: WHERE tasks.id = 'my-tasks'::UUID 
                         ^

[SQL: SELECT tasks.id AS tasks_id, tasks.title AS tasks_title, tasks.description AS tasks_description, tasks.document_id AS tasks_document_id, tasks.assigned_to AS tasks_assigned_to, tasks.assigned_by AS tasks_assigned_by, tasks.priority AS tasks_priority, tasks.status AS tasks_status, tasks.category AS tasks_category, tasks.tags AS tasks_tags, tasks.due_date AS tasks_due_date, tasks.completed_at AS tasks_completed_at, tasks.estimated_hours AS tasks_estimated_hours, tasks.actual_hours AS tasks_actual_hours, tasks.progress_percentage AS tasks_progress_percentage, tasks.created_at AS tasks_created_at, tasks.updated_at AS tasks_updated_at, tasks.task_metadata AS tasks_task_metadata, tasks.attachments AS tasks_attachments, tasks.comments AS tasks_comments 
FROM tasks 
WHERE tasks.id = %(id_1)s::UUID 
 LIMIT %(param_1)s]
[parameters: {'id_1': 'my-tasks', 'param_1': 1}]
(Background on this error at: https://sqlalche.me/e/20/9h9h)
2025-09-17 10:11:11 - task_service - ERROR - Error getting task stats: (psycopg2.errors.InvalidTextRepresentation) invalid input syntax for type uuid: "stats"
LINE 3: WHERE tasks.id = 'stats'::UUID 
                         ^

[SQL: SELECT tasks.id AS tasks_id, tasks.title AS tasks_title, tasks.description AS tasks_description, tasks.document_id AS tasks_document_id, tasks.assigned_to AS tasks_assigned_to, tasks.assigned_by AS tasks_assigned_by, tasks.priority AS tasks_priority, tasks.status AS tasks_status, tasks.category AS tasks_category, tasks.tags AS tasks_tags, tasks.due_date AS tasks_due_date, tasks.completed_at AS tasks_completed_at, tasks.estimated_hours AS tasks_estimated_hours, tasks.actual_hours AS tasks_actual_hours, tasks.progress_percentage AS tasks_progress_percentage, tasks.created_at AS tasks_created_at, tasks.updated_at AS tasks_updated_at, tasks.task_metadata AS tasks_task_metadata, tasks.attachments AS tasks_attachments, tasks.comments AS tasks_comments 
FROM tasks 
WHERE tasks.id = %(id_1)s::UUID 
 LIMIT %(param_1)s]
[parameters: {'id_1': 'stats', 'param_1': 1}]
(Background on this error at: https://sqlalche.me/e/20/9h9h)
2025-09-17 10:11:13 - task_service - ERROR - Error getting task {task_id}: (psycopg2.errors.InvalidTextRepresentation) invalid input syntax for type uuid: "{task_id}"
LINE 3: WHERE tasks.id = '{task_id}'::UUID 
                         ^

[SQL: SELECT tasks.id AS tasks_id, tasks.title AS tasks_title, tasks.description AS tasks_description, tasks.document_id AS tasks_document_id, tasks.assigned_to AS tasks_assigned_to, tasks.assigned_by AS tasks_assigned_by, tasks.priority AS tasks_priority, tasks.status AS tasks_status, tasks.category AS tasks_category, tasks.tags AS tasks_tags, tasks.due_date AS tasks_due_date, tasks.completed_at AS tasks_completed_at, tasks.estimated_hours AS tasks_estimated_hours, tasks.actual_hours AS tasks_actual_hours, tasks.progress_percentage AS tasks_progress_percentage, tasks.created_at AS tasks_created_at, tasks.updated_at AS tasks_updated_at, tasks.task_metadata AS tasks_task_metadata, tasks.attachments AS tasks_attachments, tasks.comments AS tasks_comments 
FROM tasks 
WHERE tasks.id = %(id_1)s::UUID 
 LIMIT %(param_1)s]
[parameters: {'id_1': '{task_id}', 'param_1': 1}]
(Background on this error at: https://sqlalche.me/e/20/9h9h)
2025-09-17 10:11:15 - task_service - ERROR - Error updating task {task_id}: (psycopg2.errors.InvalidTextRepresentation) invalid input syntax for type uuid: "{task_id}"
LINE 3: WHERE tasks.id = '{task_id}'::UUID 
                         ^

[SQL: SELECT tasks.id AS tasks_id, tasks.title AS tasks_title, tasks.description AS tasks_description, tasks.document_id AS tasks_document_id, tasks.assigned_to AS tasks_assigned_to, tasks.assigned_by AS tasks_assigned_by, tasks.priority AS tasks_priority, tasks.status AS tasks_status, tasks.category AS tasks_category, tasks.tags AS tasks_tags, tasks.due_date AS tasks_due_date, tasks.completed_at AS tasks_completed_at, tasks.estimated_hours AS tasks_estimated_hours, tasks.actual_hours AS tasks_actual_hours, tasks.progress_percentage AS tasks_progress_percentage, tasks.created_at AS tasks_created_at, tasks.updated_at AS tasks_updated_at, tasks.task_metadata AS tasks_task_metadata, tasks.attachments AS tasks_attachments, tasks.comments AS tasks_comments 
FROM tasks 
WHERE tasks.id = %(id_1)s::UUID 
 LIMIT %(param_1)s]
[parameters: {'id_1': '{task_id}', 'param_1': 1}]
(Background on this error at: https://sqlalche.me/e/20/9h9h)
2025-09-17 10:18:42 - task_service - ERROR - Error getting task categories: (psycopg2.errors.InvalidTextRepresentation) invalid input syntax for type uuid: "categories"
LINE 3: WHERE tasks.id = 'categories'::UUID 
                         ^

[SQL: SELECT tasks.id AS tasks_id, tasks.title AS tasks_title, tasks.description AS tasks_description, tasks.document_id AS tasks_document_id, tasks.assigned_to AS tasks_assigned_to, tasks.assigned_by AS tasks_assigned_by, tasks.priority AS tasks_priority, tasks.status AS tasks_status, tasks.category AS tasks_category, tasks.tags AS tasks_tags, tasks.due_date AS tasks_due_date, tasks.completed_at AS tasks_completed_at, tasks.estimated_hours AS tasks_estimated_hours, tasks.actual_hours AS tasks_actual_hours, tasks.progress_percentage AS tasks_progress_percentage, tasks.created_at AS tasks_created_at, tasks.updated_at AS tasks_updated_at, tasks.task_metadata AS tasks_task_metadata, tasks.attachments AS tasks_attachments, tasks.comments AS tasks_comments 
FROM tasks 
WHERE tasks.id = %(id_1)s::UUID 
 LIMIT %(param_1)s]
[parameters: {'id_1': 'categories', 'param_1': 1}]
(Background on this error at: https://sqlalche.me/e/20/9h9h)
2025-09-17 10:18:44 - task_service - ERROR - Error getting task my-tasks: (psycopg2.errors.InvalidTextRepresentation) invalid input syntax for type uuid: "my-tasks"
LINE 3: WHERE tasks.id = 'my-tasks'::UUID 
                         ^

[SQL: SELECT tasks.id AS tasks_id, tasks.title AS tasks_title, tasks.description AS tasks_description, tasks.document_id AS tasks_document_id, tasks.assigned_to AS tasks_assigned_to, tasks.assigned_by AS tasks_assigned_by, tasks.priority AS tasks_priority, tasks.status AS tasks_status, tasks.category AS tasks_category, tasks.tags AS tasks_tags, tasks.due_date AS tasks_due_date, tasks.completed_at AS tasks_completed_at, tasks.estimated_hours AS tasks_estimated_hours, tasks.actual_hours AS tasks_actual_hours, tasks.progress_percentage AS tasks_progress_percentage, tasks.created_at AS tasks_created_at, tasks.updated_at AS tasks_updated_at, tasks.task_metadata AS tasks_task_metadata, tasks.attachments AS tasks_attachments, tasks.comments AS tasks_comments 
FROM tasks 
WHERE tasks.id = %(id_1)s::UUID 
 LIMIT %(param_1)s]
[parameters: {'id_1': 'my-tasks', 'param_1': 1}]
(Background on this error at: https://sqlalche.me/e/20/9h9h)
2025-09-17 10:18:46 - task_service - ERROR - Error getting task stats: (psycopg2.errors.InvalidTextRepresentation) invalid input syntax for type uuid: "stats"
LINE 3: WHERE tasks.id = 'stats'::UUID 
                         ^

[SQL: SELECT tasks.id AS tasks_id, tasks.title AS tasks_title, tasks.description AS tasks_description, tasks.document_id AS tasks_document_id, tasks.assigned_to AS tasks_assigned_to, tasks.assigned_by AS tasks_assigned_by, tasks.priority AS tasks_priority, tasks.status AS tasks_status, tasks.category AS tasks_category, tasks.tags AS tasks_tags, tasks.due_date AS tasks_due_date, tasks.completed_at AS tasks_completed_at, tasks.estimated_hours AS tasks_estimated_hours, tasks.actual_hours AS tasks_actual_hours, tasks.progress_percentage AS tasks_progress_percentage, tasks.created_at AS tasks_created_at, tasks.updated_at AS tasks_updated_at, tasks.task_metadata AS tasks_task_metadata, tasks.attachments AS tasks_attachments, tasks.comments AS tasks_comments 
FROM tasks 
WHERE tasks.id = %(id_1)s::UUID 
 LIMIT %(param_1)s]
[parameters: {'id_1': 'stats', 'param_1': 1}]
(Background on this error at: https://sqlalche.me/e/20/9h9h)
2025-09-17 10:18:48 - task_service - ERROR - Error getting task {task_id}: (psycopg2.errors.InvalidTextRepresentation) invalid input syntax for type uuid: "{task_id}"
LINE 3: WHERE tasks.id = '{task_id}'::UUID 
                         ^

[SQL: SELECT tasks.id AS tasks_id, tasks.title AS tasks_title, tasks.description AS tasks_description, tasks.document_id AS tasks_document_id, tasks.assigned_to AS tasks_assigned_to, tasks.assigned_by AS tasks_assigned_by, tasks.priority AS tasks_priority, tasks.status AS tasks_status, tasks.category AS tasks_category, tasks.tags AS tasks_tags, tasks.due_date AS tasks_due_date, tasks.completed_at AS tasks_completed_at, tasks.estimated_hours AS tasks_estimated_hours, tasks.actual_hours AS tasks_actual_hours, tasks.progress_percentage AS tasks_progress_percentage, tasks.created_at AS tasks_created_at, tasks.updated_at AS tasks_updated_at, tasks.task_metadata AS tasks_task_metadata, tasks.attachments AS tasks_attachments, tasks.comments AS tasks_comments 
FROM tasks 
WHERE tasks.id = %(id_1)s::UUID 
 LIMIT %(param_1)s]
[parameters: {'id_1': '{task_id}', 'param_1': 1}]
(Background on this error at: https://sqlalche.me/e/20/9h9h)
2025-09-17 10:18:50 - task_service - ERROR - Error updating task {task_id}: (psycopg2.errors.InvalidTextRepresentation) invalid input syntax for type uuid: "{task_id}"
LINE 3: WHERE tasks.id = '{task_id}'::UUID 
                         ^

[SQL: SELECT tasks.id AS tasks_id, tasks.title AS tasks_title, tasks.description AS tasks_description, tasks.document_id AS tasks_document_id, tasks.assigned_to AS tasks_assigned_to, tasks.assigned_by AS tasks_assigned_by, tasks.priority AS tasks_priority, tasks.status AS tasks_status, tasks.category AS tasks_category, tasks.tags AS tasks_tags, tasks.due_date AS tasks_due_date, tasks.completed_at AS tasks_completed_at, tasks.estimated_hours AS tasks_estimated_hours, tasks.actual_hours AS tasks_actual_hours, tasks.progress_percentage AS tasks_progress_percentage, tasks.created_at AS tasks_created_at, tasks.updated_at AS tasks_updated_at, tasks.task_metadata AS tasks_task_metadata, tasks.attachments AS tasks_attachments, tasks.comments AS tasks_comments 
FROM tasks 
WHERE tasks.id = %(id_1)s::UUID 
 LIMIT %(param_1)s]
[parameters: {'id_1': '{task_id}', 'param_1': 1}]
(Background on this error at: https://sqlalche.me/e/20/9h9h)
2025-09-17 11:01:46 - task_service - ERROR - Error getting task categories: (psycopg2.errors.InvalidTextRepresentation) invalid input syntax for type uuid: "categories"
LINE 3: WHERE tasks.id = 'categories'::UUID 
                         ^

[SQL: SELECT tasks.id AS tasks_id, tasks.title AS tasks_title, tasks.description AS tasks_description, tasks.document_id AS tasks_document_id, tasks.assigned_to AS tasks_assigned_to, tasks.assigned_by AS tasks_assigned_by, tasks.priority AS tasks_priority, tasks.status AS tasks_status, tasks.category AS tasks_category, tasks.tags AS tasks_tags, tasks.due_date AS tasks_due_date, tasks.completed_at AS tasks_completed_at, tasks.estimated_hours AS tasks_estimated_hours, tasks.actual_hours AS tasks_actual_hours, tasks.progress_percentage AS tasks_progress_percentage, tasks.created_at AS tasks_created_at, tasks.updated_at AS tasks_updated_at, tasks.task_metadata AS tasks_task_metadata, tasks.attachments AS tasks_attachments, tasks.comments AS tasks_comments 
FROM tasks 
WHERE tasks.id = %(id_1)s::UUID 
 LIMIT %(param_1)s]
[parameters: {'id_1': 'categories', 'param_1': 1}]
(Background on this error at: https://sqlalche.me/e/20/9h9h)
2025-09-17 11:01:48 - task_service - ERROR - Error getting task my-tasks: (psycopg2.errors.InvalidTextRepresentation) invalid input syntax for type uuid: "my-tasks"
LINE 3: WHERE tasks.id = 'my-tasks'::UUID 
                         ^

[SQL: SELECT tasks.id AS tasks_id, tasks.title AS tasks_title, tasks.description AS tasks_description, tasks.document_id AS tasks_document_id, tasks.assigned_to AS tasks_assigned_to, tasks.assigned_by AS tasks_assigned_by, tasks.priority AS tasks_priority, tasks.status AS tasks_status, tasks.category AS tasks_category, tasks.tags AS tasks_tags, tasks.due_date AS tasks_due_date, tasks.completed_at AS tasks_completed_at, tasks.estimated_hours AS tasks_estimated_hours, tasks.actual_hours AS tasks_actual_hours, tasks.progress_percentage AS tasks_progress_percentage, tasks.created_at AS tasks_created_at, tasks.updated_at AS tasks_updated_at, tasks.task_metadata AS tasks_task_metadata, tasks.attachments AS tasks_attachments, tasks.comments AS tasks_comments 
FROM tasks 
WHERE tasks.id = %(id_1)s::UUID 
 LIMIT %(param_1)s]
[parameters: {'id_1': 'my-tasks', 'param_1': 1}]
(Background on this error at: https://sqlalche.me/e/20/9h9h)
2025-09-17 11:01:50 - task_service - ERROR - Error getting task stats: (psycopg2.errors.InvalidTextRepresentation) invalid input syntax for type uuid: "stats"
LINE 3: WHERE tasks.id = 'stats'::UUID 
                         ^

[SQL: SELECT tasks.id AS tasks_id, tasks.title AS tasks_title, tasks.description AS tasks_description, tasks.document_id AS tasks_document_id, tasks.assigned_to AS tasks_assigned_to, tasks.assigned_by AS tasks_assigned_by, tasks.priority AS tasks_priority, tasks.status AS tasks_status, tasks.category AS tasks_category, tasks.tags AS tasks_tags, tasks.due_date AS tasks_due_date, tasks.completed_at AS tasks_completed_at, tasks.estimated_hours AS tasks_estimated_hours, tasks.actual_hours AS tasks_actual_hours, tasks.progress_percentage AS tasks_progress_percentage, tasks.created_at AS tasks_created_at, tasks.updated_at AS tasks_updated_at, tasks.task_metadata AS tasks_task_metadata, tasks.attachments AS tasks_attachments, tasks.comments AS tasks_comments 
FROM tasks 
WHERE tasks.id = %(id_1)s::UUID 
 LIMIT %(param_1)s]
[parameters: {'id_1': 'stats', 'param_1': 1}]
(Background on this error at: https://sqlalche.me/e/20/9h9h)
2025-09-17 11:24:43 - task_service - ERROR - Error getting task categories: (psycopg2.errors.InvalidTextRepresentation) invalid input syntax for type uuid: "categories"
LINE 3: WHERE tasks.id = 'categories'::UUID 
                         ^

[SQL: SELECT tasks.id AS tasks_id, tasks.title AS tasks_title, tasks.description AS tasks_description, tasks.document_id AS tasks_document_id, tasks.assigned_to AS tasks_assigned_to, tasks.assigned_by AS tasks_assigned_by, tasks.priority AS tasks_priority, tasks.status AS tasks_status, tasks.category AS tasks_category, tasks.tags AS tasks_tags, tasks.due_date AS tasks_due_date, tasks.completed_at AS tasks_completed_at, tasks.estimated_hours AS tasks_estimated_hours, tasks.actual_hours AS tasks_actual_hours, tasks.progress_percentage AS tasks_progress_percentage, tasks.created_at AS tasks_created_at, tasks.updated_at AS tasks_updated_at, tasks.task_metadata AS tasks_task_metadata, tasks.attachments AS tasks_attachments, tasks.comments AS tasks_comments 
FROM tasks 
WHERE tasks.id = %(id_1)s::UUID 
 LIMIT %(param_1)s]
[parameters: {'id_1': 'categories', 'param_1': 1}]
(Background on this error at: https://sqlalche.me/e/20/9h9h)
2025-09-17 11:24:45 - task_service - ERROR - Error getting task my-tasks: (psycopg2.errors.InvalidTextRepresentation) invalid input syntax for type uuid: "my-tasks"
LINE 3: WHERE tasks.id = 'my-tasks'::UUID 
                         ^

[SQL: SELECT tasks.id AS tasks_id, tasks.title AS tasks_title, tasks.description AS tasks_description, tasks.document_id AS tasks_document_id, tasks.assigned_to AS tasks_assigned_to, tasks.assigned_by AS tasks_assigned_by, tasks.priority AS tasks_priority, tasks.status AS tasks_status, tasks.category AS tasks_category, tasks.tags AS tasks_tags, tasks.due_date AS tasks_due_date, tasks.completed_at AS tasks_completed_at, tasks.estimated_hours AS tasks_estimated_hours, tasks.actual_hours AS tasks_actual_hours, tasks.progress_percentage AS tasks_progress_percentage, tasks.created_at AS tasks_created_at, tasks.updated_at AS tasks_updated_at, tasks.task_metadata AS tasks_task_metadata, tasks.attachments AS tasks_attachments, tasks.comments AS tasks_comments 
FROM tasks 
WHERE tasks.id = %(id_1)s::UUID 
 LIMIT %(param_1)s]
[parameters: {'id_1': 'my-tasks', 'param_1': 1}]
(Background on this error at: https://sqlalche.me/e/20/9h9h)
2025-09-17 11:24:47 - task_service - ERROR - Error getting task stats: (psycopg2.errors.InvalidTextRepresentation) invalid input syntax for type uuid: "stats"
LINE 3: WHERE tasks.id = 'stats'::UUID 
                         ^

[SQL: SELECT tasks.id AS tasks_id, tasks.title AS tasks_title, tasks.description AS tasks_description, tasks.document_id AS tasks_document_id, tasks.assigned_to AS tasks_assigned_to, tasks.assigned_by AS tasks_assigned_by, tasks.priority AS tasks_priority, tasks.status AS tasks_status, tasks.category AS tasks_category, tasks.tags AS tasks_tags, tasks.due_date AS tasks_due_date, tasks.completed_at AS tasks_completed_at, tasks.estimated_hours AS tasks_estimated_hours, tasks.actual_hours AS tasks_actual_hours, tasks.progress_percentage AS tasks_progress_percentage, tasks.created_at AS tasks_created_at, tasks.updated_at AS tasks_updated_at, tasks.task_metadata AS tasks_task_metadata, tasks.attachments AS tasks_attachments, tasks.comments AS tasks_comments 
FROM tasks 
WHERE tasks.id = %(id_1)s::UUID 
 LIMIT %(param_1)s]
[parameters: {'id_1': 'stats', 'param_1': 1}]
(Background on this error at: https://sqlalche.me/e/20/9h9h)
2025-09-17 11:24:58 - task_service - ERROR - Error getting task categories: (psycopg2.errors.InvalidTextRepresentation) invalid input syntax for type uuid: "categories"
LINE 3: WHERE tasks.id = 'categories'::UUID 
                         ^

[SQL: SELECT tasks.id AS tasks_id, tasks.title AS tasks_title, tasks.description AS tasks_description, tasks.document_id AS tasks_document_id, tasks.assigned_to AS tasks_assigned_to, tasks.assigned_by AS tasks_assigned_by, tasks.priority AS tasks_priority, tasks.status AS tasks_status, tasks.category AS tasks_category, tasks.tags AS tasks_tags, tasks.due_date AS tasks_due_date, tasks.completed_at AS tasks_completed_at, tasks.estimated_hours AS tasks_estimated_hours, tasks.actual_hours AS tasks_actual_hours, tasks.progress_percentage AS tasks_progress_percentage, tasks.created_at AS tasks_created_at, tasks.updated_at AS tasks_updated_at, tasks.task_metadata AS tasks_task_metadata, tasks.attachments AS tasks_attachments, tasks.comments AS tasks_comments 
FROM tasks 
WHERE tasks.id = %(id_1)s::UUID 
 LIMIT %(param_1)s]
[parameters: {'id_1': 'categories', 'param_1': 1}]
(Background on this error at: https://sqlalche.me/e/20/9h9h)
2025-09-17 11:25:01 - task_service - ERROR - Error getting task my-tasks: (psycopg2.errors.InvalidTextRepresentation) invalid input syntax for type uuid: "my-tasks"
LINE 3: WHERE tasks.id = 'my-tasks'::UUID 
                         ^

[SQL: SELECT tasks.id AS tasks_id, tasks.title AS tasks_title, tasks.description AS tasks_description, tasks.document_id AS tasks_document_id, tasks.assigned_to AS tasks_assigned_to, tasks.assigned_by AS tasks_assigned_by, tasks.priority AS tasks_priority, tasks.status AS tasks_status, tasks.category AS tasks_category, tasks.tags AS tasks_tags, tasks.due_date AS tasks_due_date, tasks.completed_at AS tasks_completed_at, tasks.estimated_hours AS tasks_estimated_hours, tasks.actual_hours AS tasks_actual_hours, tasks.progress_percentage AS tasks_progress_percentage, tasks.created_at AS tasks_created_at, tasks.updated_at AS tasks_updated_at, tasks.task_metadata AS tasks_task_metadata, tasks.attachments AS tasks_attachments, tasks.comments AS tasks_comments 
FROM tasks 
WHERE tasks.id = %(id_1)s::UUID 
 LIMIT %(param_1)s]
[parameters: {'id_1': 'my-tasks', 'param_1': 1}]
(Background on this error at: https://sqlalche.me/e/20/9h9h)
2025-09-17 11:25:03 - task_service - ERROR - Error getting task stats: (psycopg2.errors.InvalidTextRepresentation) invalid input syntax for type uuid: "stats"
LINE 3: WHERE tasks.id = 'stats'::UUID 
                         ^

[SQL: SELECT tasks.id AS tasks_id, tasks.title AS tasks_title, tasks.description AS tasks_description, tasks.document_id AS tasks_document_id, tasks.assigned_to AS tasks_assigned_to, tasks.assigned_by AS tasks_assigned_by, tasks.priority AS tasks_priority, tasks.status AS tasks_status, tasks.category AS tasks_category, tasks.tags AS tasks_tags, tasks.due_date AS tasks_due_date, tasks.completed_at AS tasks_completed_at, tasks.estimated_hours AS tasks_estimated_hours, tasks.actual_hours AS tasks_actual_hours, tasks.progress_percentage AS tasks_progress_percentage, tasks.created_at AS tasks_created_at, tasks.updated_at AS tasks_updated_at, tasks.task_metadata AS tasks_task_metadata, tasks.attachments AS tasks_attachments, tasks.comments AS tasks_comments 
FROM tasks 
WHERE tasks.id = %(id_1)s::UUID 
 LIMIT %(param_1)s]
[parameters: {'id_1': 'stats', 'param_1': 1}]
(Background on this error at: https://sqlalche.me/e/20/9h9h)
2025-09-17 11:33:04 - task_service - ERROR - Error getting task categories: (psycopg2.errors.InvalidTextRepresentation) invalid input syntax for type uuid: "categories"
LINE 3: WHERE tasks.id = 'categories'::UUID 
                         ^

[SQL: SELECT tasks.id AS tasks_id, tasks.title AS tasks_title, tasks.description AS tasks_description, tasks.document_id AS tasks_document_id, tasks.assigned_to AS tasks_assigned_to, tasks.assigned_by AS tasks_assigned_by, tasks.priority AS tasks_priority, tasks.status AS tasks_status, tasks.category AS tasks_category, tasks.tags AS tasks_tags, tasks.due_date AS tasks_due_date, tasks.completed_at AS tasks_completed_at, tasks.estimated_hours AS tasks_estimated_hours, tasks.actual_hours AS tasks_actual_hours, tasks.progress_percentage AS tasks_progress_percentage, tasks.created_at AS tasks_created_at, tasks.updated_at AS tasks_updated_at, tasks.task_metadata AS tasks_task_metadata, tasks.attachments AS tasks_attachments, tasks.comments AS tasks_comments 
FROM tasks 
WHERE tasks.id = %(id_1)s::UUID 
 LIMIT %(param_1)s]
[parameters: {'id_1': 'categories', 'param_1': 1}]
(Background on this error at: https://sqlalche.me/e/20/9h9h)
2025-09-17 11:33:06 - task_service - ERROR - Error getting task my-tasks: (psycopg2.errors.InvalidTextRepresentation) invalid input syntax for type uuid: "my-tasks"
LINE 3: WHERE tasks.id = 'my-tasks'::UUID 
                         ^

[SQL: SELECT tasks.id AS tasks_id, tasks.title AS tasks_title, tasks.description AS tasks_description, tasks.document_id AS tasks_document_id, tasks.assigned_to AS tasks_assigned_to, tasks.assigned_by AS tasks_assigned_by, tasks.priority AS tasks_priority, tasks.status AS tasks_status, tasks.category AS tasks_category, tasks.tags AS tasks_tags, tasks.due_date AS tasks_due_date, tasks.completed_at AS tasks_completed_at, tasks.estimated_hours AS tasks_estimated_hours, tasks.actual_hours AS tasks_actual_hours, tasks.progress_percentage AS tasks_progress_percentage, tasks.created_at AS tasks_created_at, tasks.updated_at AS tasks_updated_at, tasks.task_metadata AS tasks_task_metadata, tasks.attachments AS tasks_attachments, tasks.comments AS tasks_comments 
FROM tasks 
WHERE tasks.id = %(id_1)s::UUID 
 LIMIT %(param_1)s]
[parameters: {'id_1': 'my-tasks', 'param_1': 1}]
(Background on this error at: https://sqlalche.me/e/20/9h9h)
2025-09-17 11:33:08 - task_service - ERROR - Error getting task stats: (psycopg2.errors.InvalidTextRepresentation) invalid input syntax for type uuid: "stats"
LINE 3: WHERE tasks.id = 'stats'::UUID 
                         ^

[SQL: SELECT tasks.id AS tasks_id, tasks.title AS tasks_title, tasks.description AS tasks_description, tasks.document_id AS tasks_document_id, tasks.assigned_to AS tasks_assigned_to, tasks.assigned_by AS tasks_assigned_by, tasks.priority AS tasks_priority, tasks.status AS tasks_status, tasks.category AS tasks_category, tasks.tags AS tasks_tags, tasks.due_date AS tasks_due_date, tasks.completed_at AS tasks_completed_at, tasks.estimated_hours AS tasks_estimated_hours, tasks.actual_hours AS tasks_actual_hours, tasks.progress_percentage AS tasks_progress_percentage, tasks.created_at AS tasks_created_at, tasks.updated_at AS tasks_updated_at, tasks.task_metadata AS tasks_task_metadata, tasks.attachments AS tasks_attachments, tasks.comments AS tasks_comments 
FROM tasks 
WHERE tasks.id = %(id_1)s::UUID 
 LIMIT %(param_1)s]
[parameters: {'id_1': 'stats', 'param_1': 1}]
(Background on this error at: https://sqlalche.me/e/20/9h9h)
2025-09-24 13:38:21 - task_service - INFO - Starting Task Management service on port 8020
2025-09-24 13:47:02 - task_service - INFO - Starting Task Management service on port 8020
2025-09-24 15:13:14 - task_service - INFO - Starting Task Management service on port 8020
2025-09-24 17:15:02 - task_service - INFO - Starting Task Management service on port 8020
2025-09-24 17:35:38 - task_service - INFO - Starting Task Management service on port 8020
2025-09-24 17:45:52 - task_service - INFO - Starting Task Management service on port 8020
2025-09-25 16:49:41 - task_service - INFO - Starting Task Management service on port 8020
2025-09-25 16:54:00 - task_service - ERROR - Error getting task categories: (psycopg2.errors.InvalidTextRepresentation) invalid input syntax for type uuid: "categories"
LINE 3: WHERE tasks.id = 'categories'::UUID 
                         ^

[SQL: SELECT tasks.id AS tasks_id, tasks.title AS tasks_title, tasks.description AS tasks_description, tasks.document_id AS tasks_document_id, tasks.assigned_to AS tasks_assigned_to, tasks.assigned_by AS tasks_assigned_by, tasks.priority AS tasks_priority, tasks.status AS tasks_status, tasks.category AS tasks_category, tasks.tags AS tasks_tags, tasks.due_date AS tasks_due_date, tasks.completed_at AS tasks_completed_at, tasks.estimated_hours AS tasks_estimated_hours, tasks.actual_hours AS tasks_actual_hours, tasks.progress_percentage AS tasks_progress_percentage, tasks.created_at AS tasks_created_at, tasks.updated_at AS tasks_updated_at, tasks.task_metadata AS tasks_task_metadata, tasks.attachments AS tasks_attachments, tasks.comments AS tasks_comments 
FROM tasks 
WHERE tasks.id = %(id_1)s::UUID 
 LIMIT %(param_1)s]
[parameters: {'id_1': 'categories', 'param_1': 1}]
(Background on this error at: https://sqlalche.me/e/20/9h9h)
2025-09-25 16:54:00 - task_service - ERROR - Error getting task my-tasks: (psycopg2.errors.InvalidTextRepresentation) invalid input syntax for type uuid: "my-tasks"
LINE 3: WHERE tasks.id = 'my-tasks'::UUID 
                         ^

[SQL: SELECT tasks.id AS tasks_id, tasks.title AS tasks_title, tasks.description AS tasks_description, tasks.document_id AS tasks_document_id, tasks.assigned_to AS tasks_assigned_to, tasks.assigned_by AS tasks_assigned_by, tasks.priority AS tasks_priority, tasks.status AS tasks_status, tasks.category AS tasks_category, tasks.tags AS tasks_tags, tasks.due_date AS tasks_due_date, tasks.completed_at AS tasks_completed_at, tasks.estimated_hours AS tasks_estimated_hours, tasks.actual_hours AS tasks_actual_hours, tasks.progress_percentage AS tasks_progress_percentage, tasks.created_at AS tasks_created_at, tasks.updated_at AS tasks_updated_at, tasks.task_metadata AS tasks_task_metadata, tasks.attachments AS tasks_attachments, tasks.comments AS tasks_comments 
FROM tasks 
WHERE tasks.id = %(id_1)s::UUID 
 LIMIT %(param_1)s]
[parameters: {'id_1': 'my-tasks', 'param_1': 1}]
(Background on this error at: https://sqlalche.me/e/20/9h9h)
2025-09-25 16:54:01 - task_service - ERROR - Error getting task stats: (psycopg2.errors.InvalidTextRepresentation) invalid input syntax for type uuid: "stats"
LINE 3: WHERE tasks.id = 'stats'::UUID 
                         ^

[SQL: SELECT tasks.id AS tasks_id, tasks.title AS tasks_title, tasks.description AS tasks_description, tasks.document_id AS tasks_document_id, tasks.assigned_to AS tasks_assigned_to, tasks.assigned_by AS tasks_assigned_by, tasks.priority AS tasks_priority, tasks.status AS tasks_status, tasks.category AS tasks_category, tasks.tags AS tasks_tags, tasks.due_date AS tasks_due_date, tasks.completed_at AS tasks_completed_at, tasks.estimated_hours AS tasks_estimated_hours, tasks.actual_hours AS tasks_actual_hours, tasks.progress_percentage AS tasks_progress_percentage, tasks.created_at AS tasks_created_at, tasks.updated_at AS tasks_updated_at, tasks.task_metadata AS tasks_task_metadata, tasks.attachments AS tasks_attachments, tasks.comments AS tasks_comments 
FROM tasks 
WHERE tasks.id = %(id_1)s::UUID 
 LIMIT %(param_1)s]
[parameters: {'id_1': 'stats', 'param_1': 1}]
(Background on this error at: https://sqlalche.me/e/20/9h9h)
2025-09-25 17:16:15 - task_service - ERROR - Error getting task categories: (psycopg2.errors.InvalidTextRepresentation) invalid input syntax for type uuid: "categories"
LINE 3: WHERE tasks.id = 'categories'::UUID 
                         ^

[SQL: SELECT tasks.id AS tasks_id, tasks.title AS tasks_title, tasks.description AS tasks_description, tasks.document_id AS tasks_document_id, tasks.assigned_to AS tasks_assigned_to, tasks.assigned_by AS tasks_assigned_by, tasks.priority AS tasks_priority, tasks.status AS tasks_status, tasks.category AS tasks_category, tasks.tags AS tasks_tags, tasks.due_date AS tasks_due_date, tasks.completed_at AS tasks_completed_at, tasks.estimated_hours AS tasks_estimated_hours, tasks.actual_hours AS tasks_actual_hours, tasks.progress_percentage AS tasks_progress_percentage, tasks.created_at AS tasks_created_at, tasks.updated_at AS tasks_updated_at, tasks.task_metadata AS tasks_task_metadata, tasks.attachments AS tasks_attachments, tasks.comments AS tasks_comments 
FROM tasks 
WHERE tasks.id = %(id_1)s::UUID 
 LIMIT %(param_1)s]
[parameters: {'id_1': 'categories', 'param_1': 1}]
(Background on this error at: https://sqlalche.me/e/20/9h9h)
2025-09-25 17:16:16 - task_service - ERROR - Error getting task my-tasks: (psycopg2.errors.InvalidTextRepresentation) invalid input syntax for type uuid: "my-tasks"
LINE 3: WHERE tasks.id = 'my-tasks'::UUID 
                         ^

[SQL: SELECT tasks.id AS tasks_id, tasks.title AS tasks_title, tasks.description AS tasks_description, tasks.document_id AS tasks_document_id, tasks.assigned_to AS tasks_assigned_to, tasks.assigned_by AS tasks_assigned_by, tasks.priority AS tasks_priority, tasks.status AS tasks_status, tasks.category AS tasks_category, tasks.tags AS tasks_tags, tasks.due_date AS tasks_due_date, tasks.completed_at AS tasks_completed_at, tasks.estimated_hours AS tasks_estimated_hours, tasks.actual_hours AS tasks_actual_hours, tasks.progress_percentage AS tasks_progress_percentage, tasks.created_at AS tasks_created_at, tasks.updated_at AS tasks_updated_at, tasks.task_metadata AS tasks_task_metadata, tasks.attachments AS tasks_attachments, tasks.comments AS tasks_comments 
FROM tasks 
WHERE tasks.id = %(id_1)s::UUID 
 LIMIT %(param_1)s]
[parameters: {'id_1': 'my-tasks', 'param_1': 1}]
(Background on this error at: https://sqlalche.me/e/20/9h9h)
2025-09-25 17:16:16 - task_service - ERROR - Error getting task stats: (psycopg2.errors.InvalidTextRepresentation) invalid input syntax for type uuid: "stats"
LINE 3: WHERE tasks.id = 'stats'::UUID 
                         ^

[SQL: SELECT tasks.id AS tasks_id, tasks.title AS tasks_title, tasks.description AS tasks_description, tasks.document_id AS tasks_document_id, tasks.assigned_to AS tasks_assigned_to, tasks.assigned_by AS tasks_assigned_by, tasks.priority AS tasks_priority, tasks.status AS tasks_status, tasks.category AS tasks_category, tasks.tags AS tasks_tags, tasks.due_date AS tasks_due_date, tasks.completed_at AS tasks_completed_at, tasks.estimated_hours AS tasks_estimated_hours, tasks.actual_hours AS tasks_actual_hours, tasks.progress_percentage AS tasks_progress_percentage, tasks.created_at AS tasks_created_at, tasks.updated_at AS tasks_updated_at, tasks.task_metadata AS tasks_task_metadata, tasks.attachments AS tasks_attachments, tasks.comments AS tasks_comments 
FROM tasks 
WHERE tasks.id = %(id_1)s::UUID 
 LIMIT %(param_1)s]
[parameters: {'id_1': 'stats', 'param_1': 1}]
(Background on this error at: https://sqlalche.me/e/20/9h9h)
2025-09-25 23:40:59 - task_service - INFO - Starting Task Management service on port 8020
2025-09-26 16:35:59 - task_service - INFO - Starting Task Management service on port 8020
2025-09-26 17:25:42 - task_service - INFO - Starting Task Management service on port 8020
2025-09-26 18:23:36 - task_service - INFO - Starting Task Management service on port 8020
